[0.021s] Invoking command in '/home/max-rogers/MTRX3760_Assignment_1/build/turtlebot3_description': CMAKE_PREFIX_PATH=${CMAKE_PREFIX_PATH}:/opt/ros/jazzy DEBUGINFOD_URLS=https://debuginfod.ubuntu.com /usr/bin/cmake /home/max-rogers/MTRX3760_Assignment_1/src/turtlebot3/turtlebot3_description -DCMAKE_INSTALL_PREFIX=/home/max-rogers/MTRX3760_Assignment_1/install
[0.208s] -- The C compiler identification is GNU 13.3.0
[0.349s] -- The CXX compiler identification is GNU 13.3.0
[0.371s] -- Detecting C compiler ABI info
[0.487s] -- Detecting C compiler ABI info - done
[0.500s] -- Check for working C compiler: /usr/bin/cc - skipped
[0.500s] -- Detecting C compile features
[0.501s] -- Detecting C compile features - done
[0.511s] -- Detecting CXX compiler ABI info
[0.619s] -- Detecting CXX compiler ABI info - done
[0.634s] -- Check for working CXX compiler: /usr/bin/c++ - skipped
[0.634s] -- Detecting CXX compile features
[0.635s] -- Detecting CXX compile features - done
[0.645s] -- Found ament_cmake: 2.5.4 (/opt/ros/jazzy/share/ament_cmake/cmake)
[0.836s] -- Found Python3: /usr/bin/python3 (found version "3.12.3") found components: Interpreter 
[1.015s] -- Found urdf: 2.10.0 (/opt/ros/jazzy/share/urdf/cmake)
[1.095s] -- Found TinyXML2 via Config file: /usr/lib/x86_64-linux-gnu/cmake/tinyxml2
[1.235s] -- Configuring done (1.2s)
[1.241s] -- Generating done (0.0s)
[1.241s] -- Build files have been written to: /home/max-rogers/MTRX3760_Assignment_1/build/turtlebot3_description
[1.272s] Invoked command in '/home/max-rogers/MTRX3760_Assignment_1/build/turtlebot3_description' returned '0': CMAKE_PREFIX_PATH=${CMAKE_PREFIX_PATH}:/opt/ros/jazzy DEBUGINFOD_URLS=https://debuginfod.ubuntu.com /usr/bin/cmake /home/max-rogers/MTRX3760_Assignment_1/src/turtlebot3/turtlebot3_description -DCMAKE_INSTALL_PREFIX=/home/max-rogers/MTRX3760_Assignment_1/install
[1.273s] Invoking command in '/home/max-rogers/MTRX3760_Assignment_1/build/turtlebot3_description': CMAKE_PREFIX_PATH=${CMAKE_PREFIX_PATH}:/opt/ros/jazzy DEBUGINFOD_URLS=https://debuginfod.ubuntu.com /usr/bin/cmake --build /home/max-rogers/MTRX3760_Assignment_1/build/turtlebot3_description -- -j8 -l8
[1.327s] Invoked command in '/home/max-rogers/MTRX3760_Assignment_1/build/turtlebot3_description' returned '0': CMAKE_PREFIX_PATH=${CMAKE_PREFIX_PATH}:/opt/ros/jazzy DEBUGINFOD_URLS=https://debuginfod.ubuntu.com /usr/bin/cmake --build /home/max-rogers/MTRX3760_Assignment_1/build/turtlebot3_description -- -j8 -l8
[1.328s] Invoking command in '/home/max-rogers/MTRX3760_Assignment_1/build/turtlebot3_description': CMAKE_PREFIX_PATH=${CMAKE_PREFIX_PATH}:/opt/ros/jazzy DEBUGINFOD_URLS=https://debuginfod.ubuntu.com /usr/bin/cmake --install /home/max-rogers/MTRX3760_Assignment_1/build/turtlebot3_description
[2.526s] -- Install configuration: ""
[2.526s] -- Installing: /home/max-rogers/MTRX3760_Assignment_1/install/share/turtlebot3_description/meshes
[2.526s] -- Installing: /home/max-rogers/MTRX3760_Assignment_1/install/share/turtlebot3_description/meshes/bases
[2.526s] -- Installing: /home/max-rogers/MTRX3760_Assignment_1/install/share/turtlebot3_description/meshes/bases/waffle_base.stl
[2.527s] -- Installing: /home/max-rogers/MTRX3760_Assignment_1/install/share/turtlebot3_description/meshes/bases/burger_base.stl
[2.527s] -- Installing: /home/max-rogers/MTRX3760_Assignment_1/install/share/turtlebot3_description/meshes/bases/waffle_pi_base.stl
[2.527s] -- Installing: /home/max-rogers/MTRX3760_Assignment_1/install/share/turtlebot3_description/meshes/wheels
[2.527s] -- Installing: /home/max-rogers/MTRX3760_Assignment_1/install/share/turtlebot3_description/meshes/wheels/right_tire.stl
[2.527s] -- Installing: /home/max-rogers/MTRX3760_Assignment_1/install/share/turtlebot3_description/meshes/wheels/left_tire.stl
[2.527s] -- Installing: /home/max-rogers/MTRX3760_Assignment_1/install/share/turtlebot3_description/meshes/sensors
[2.527s] -- Installing: /home/max-rogers/MTRX3760_Assignment_1/install/share/turtlebot3_description/meshes/sensors/r200.jpg
[2.527s] -- Installing: /home/max-rogers/MTRX3760_Assignment_1/install/share/turtlebot3_description/meshes/sensors/astra.jpg
[2.527s] -- Installing: /home/max-rogers/MTRX3760_Assignment_1/install/share/turtlebot3_description/meshes/sensors/r200.dae
[2.527s] -- Installing: /home/max-rogers/MTRX3760_Assignment_1/install/share/turtlebot3_description/meshes/sensors/astra.dae
[2.527s] -- Installing: /home/max-rogers/MTRX3760_Assignment_1/install/share/turtlebot3_description/meshes/sensors/lds.stl
[2.528s] -- Installing: /home/max-rogers/MTRX3760_Assignment_1/install/share/turtlebot3_description/rviz
[2.528s] -- Installing: /home/max-rogers/MTRX3760_Assignment_1/install/share/turtlebot3_description/rviz/model.rviz
[2.528s] -- Installing: /home/max-rogers/MTRX3760_Assignment_1/install/share/turtlebot3_description/urdf
[2.528s] -- Installing: /home/max-rogers/MTRX3760_Assignment_1/install/share/turtlebot3_description/urdf/common_properties.urdf
[2.528s] -- Installing: /home/max-rogers/MTRX3760_Assignment_1/install/share/turtlebot3_description/urdf/turtlebot3_waffle_pi.urdf
[2.528s] -- Installing: /home/max-rogers/MTRX3760_Assignment_1/install/share/turtlebot3_description/urdf/turtlebot3_burger.urdf
[2.528s] -- Installing: /home/max-rogers/MTRX3760_Assignment_1/install/share/turtlebot3_description/urdf/turtlebot3_waffle.urdf
[2.528s] -- Installing: /home/max-rogers/MTRX3760_Assignment_1/install/share/ament_index/resource_index/package_run_dependencies/turtlebot3_description
[2.528s] -- Installing: /home/max-rogers/MTRX3760_Assignment_1/install/share/ament_index/resource_index/parent_prefix_path/turtlebot3_description
[2.528s] -- Installing: /home/max-rogers/MTRX3760_Assignment_1/install/share/turtlebot3_description/environment/ament_prefix_path.sh
[2.528s] -- Installing: /home/max-rogers/MTRX3760_Assignment_1/install/share/turtlebot3_description/environment/ament_prefix_path.dsv
[2.529s] -- Installing: /home/max-rogers/MTRX3760_Assignment_1/install/share/turtlebot3_description/environment/path.sh
[2.529s] -- Installing: /home/max-rogers/MTRX3760_Assignment_1/install/share/turtlebot3_description/environment/path.dsv
[2.529s] -- Installing: /home/max-rogers/MTRX3760_Assignment_1/install/share/turtlebot3_description/local_setup.bash
[2.532s] -- Installing: /home/max-rogers/MTRX3760_Assignment_1/install/share/turtlebot3_description/local_setup.sh
[2.532s] -- Installing: /home/max-rogers/MTRX3760_Assignment_1/install/share/turtlebot3_description/local_setup.zsh
[2.532s] -- Installing: /home/max-rogers/MTRX3760_Assignment_1/install/share/turtlebot3_description/local_setup.dsv
[2.532s] -- Installing: /home/max-rogers/MTRX3760_Assignment_1/install/share/turtlebot3_description/package.dsv
[2.532s] -- Installing: /home/max-rogers/MTRX3760_Assignment_1/install/share/ament_index/resource_index/packages/turtlebot3_description
[2.532s] -- Installing: /home/max-rogers/MTRX3760_Assignment_1/install/share/turtlebot3_description/cmake/turtlebot3_descriptionConfig.cmake
[2.532s] -- Installing: /home/max-rogers/MTRX3760_Assignment_1/install/share/turtlebot3_description/cmake/turtlebot3_descriptionConfig-version.cmake
[2.532s] -- Installing: /home/max-rogers/MTRX3760_Assignment_1/install/share/turtlebot3_description/package.xml
[2.535s] Invoked command in '/home/max-rogers/MTRX3760_Assignment_1/build/turtlebot3_description' returned '0': CMAKE_PREFIX_PATH=${CMAKE_PREFIX_PATH}:/opt/ros/jazzy DEBUGINFOD_URLS=https://debuginfod.ubuntu.com /usr/bin/cmake --install /home/max-rogers/MTRX3760_Assignment_1/build/turtlebot3_description
