/home/max-rogers/MTRX3760_Assignment_1/install/lib/python3.12/site-packages/turtlebot3_example/__init__.py
/home/max-rogers/MTRX3760_Assignment_1/install/lib/python3.12/site-packages/turtlebot3_example/turtlebot3_patrol/turtlebot3_patrol_client.py
/home/max-rogers/MTRX3760_Assignment_1/install/lib/python3.12/site-packages/turtlebot3_example/turtlebot3_patrol/turtlebot3_patrol_server.py
/home/max-rogers/MTRX3760_Assignment_1/install/lib/python3.12/site-packages/turtlebot3_example/turtlebot3_patrol/__init__.py
/home/max-rogers/MTRX3760_Assignment_1/install/lib/python3.12/site-packages/turtlebot3_example/turtlebot3_obstacle_detection/turtlebot3_obstacle_detection.py
/home/max-rogers/MTRX3760_Assignment_1/install/lib/python3.12/site-packages/turtlebot3_example/turtlebot3_obstacle_detection/__init__.py
/home/max-rogers/MTRX3760_Assignment_1/install/lib/python3.12/site-packages/turtlebot3_example/turtlebot3_absolute_move/__init__.py
/home/max-rogers/MTRX3760_Assignment_1/install/lib/python3.12/site-packages/turtlebot3_example/turtlebot3_absolute_move/turtlebot3_absolute_move.py
/home/max-rogers/MTRX3760_Assignment_1/install/lib/python3.12/site-packages/turtlebot3_example/turtlebot3_relative_move/turtlebot3_relative_move.py
/home/max-rogers/MTRX3760_Assignment_1/install/lib/python3.12/site-packages/turtlebot3_example/turtlebot3_relative_move/__init__.py
/home/max-rogers/MTRX3760_Assignment_1/install/lib/python3.12/site-packages/turtlebot3_example/turtlebot3_interactive_marker/__init__.py
/home/max-rogers/MTRX3760_Assignment_1/install/lib/python3.12/site-packages/turtlebot3_example/turtlebot3_interactive_marker/turtlebot3_interactive_marker.py
/home/max-rogers/MTRX3760_Assignment_1/install/lib/python3.12/site-packages/turtlebot3_example/__pycache__/__init__.cpython-312.pyc
/home/max-rogers/MTRX3760_Assignment_1/install/lib/python3.12/site-packages/turtlebot3_example/turtlebot3_patrol/__pycache__/turtlebot3_patrol_client.cpython-312.pyc
/home/max-rogers/MTRX3760_Assignment_1/install/lib/python3.12/site-packages/turtlebot3_example/turtlebot3_patrol/__pycache__/turtlebot3_patrol_server.cpython-312.pyc
/home/max-rogers/MTRX3760_Assignment_1/install/lib/python3.12/site-packages/turtlebot3_example/turtlebot3_patrol/__pycache__/__init__.cpython-312.pyc
/home/max-rogers/MTRX3760_Assignment_1/install/lib/python3.12/site-packages/turtlebot3_example/turtlebot3_obstacle_detection/__pycache__/turtlebot3_obstacle_detection.cpython-312.pyc
/home/max-rogers/MTRX3760_Assignment_1/install/lib/python3.12/site-packages/turtlebot3_example/turtlebot3_obstacle_detection/__pycache__/__init__.cpython-312.pyc
/home/max-rogers/MTRX3760_Assignment_1/install/lib/python3.12/site-packages/turtlebot3_example/turtlebot3_absolute_move/__pycache__/__init__.cpython-312.pyc
/home/max-rogers/MTRX3760_Assignment_1/install/lib/python3.12/site-packages/turtlebot3_example/turtlebot3_absolute_move/__pycache__/turtlebot3_absolute_move.cpython-312.pyc
/home/max-rogers/MTRX3760_Assignment_1/install/lib/python3.12/site-packages/turtlebot3_example/turtlebot3_relative_move/__pycache__/turtlebot3_relative_move.cpython-312.pyc
/home/max-rogers/MTRX3760_Assignment_1/install/lib/python3.12/site-packages/turtlebot3_example/turtlebot3_relative_move/__pycache__/__init__.cpython-312.pyc
/home/max-rogers/MTRX3760_Assignment_1/install/lib/python3.12/site-packages/turtlebot3_example/turtlebot3_interactive_marker/__pycache__/__init__.cpython-312.pyc
/home/max-rogers/MTRX3760_Assignment_1/install/lib/python3.12/site-packages/turtlebot3_example/turtlebot3_interactive_marker/__pycache__/turtlebot3_interactive_marker.cpython-312.pyc
/home/max-rogers/MTRX3760_Assignment_1/install/share/ament_index/resource_index/packages/turtlebot3_example
/home/max-rogers/MTRX3760_Assignment_1/install/share/turtlebot3_example/package.xml
/home/max-rogers/MTRX3760_Assignment_1/install/lib/python3.12/site-packages/turtlebot3_example-2.3.3-py3.12.egg-info/zip-safe
/home/max-rogers/MTRX3760_Assignment_1/install/lib/python3.12/site-packages/turtlebot3_example-2.3.3-py3.12.egg-info/top_level.txt
/home/max-rogers/MTRX3760_Assignment_1/install/lib/python3.12/site-packages/turtlebot3_example-2.3.3-py3.12.egg-info/PKG-INFO
/home/max-rogers/MTRX3760_Assignment_1/install/lib/python3.12/site-packages/turtlebot3_example-2.3.3-py3.12.egg-info/entry_points.txt
/home/max-rogers/MTRX3760_Assignment_1/install/lib/python3.12/site-packages/turtlebot3_example-2.3.3-py3.12.egg-info/requires.txt
/home/max-rogers/MTRX3760_Assignment_1/install/lib/python3.12/site-packages/turtlebot3_example-2.3.3-py3.12.egg-info/dependency_links.txt
/home/max-rogers/MTRX3760_Assignment_1/install/lib/python3.12/site-packages/turtlebot3_example-2.3.3-py3.12.egg-info/SOURCES.txt
/home/max-rogers/MTRX3760_Assignment_1/install/lib/turtlebot3_example/turtlebot3_absolute_move
/home/max-rogers/MTRX3760_Assignment_1/install/lib/turtlebot3_example/turtlebot3_interactive_marker
/home/max-rogers/MTRX3760_Assignment_1/install/lib/turtlebot3_example/turtlebot3_obstacle_detection
/home/max-rogers/MTRX3760_Assignment_1/install/lib/turtlebot3_example/turtlebot3_patrol_client
/home/max-rogers/MTRX3760_Assignment_1/install/lib/turtlebot3_example/turtlebot3_patrol_server
/home/max-rogers/MTRX3760_Assignment_1/install/lib/turtlebot3_example/turtlebot3_relative_move
