[0.176s] DEBUG:colcon:Command line arguments: ['/usr/bin/colcon', 'build', '--symlink-install']
[0.176s] DEBUG:colcon:Parsed command line arguments: Namespace(log_base=None, log_level=None, verb_name='build', build_base='build', install_base='install', merge_install=False, symlink_install=True, test_result_base=None, continue_on_error=False, executor='parallel', parallel_workers=14, event_handlers=None, ignore_user_meta=False, metas=['./colcon.meta'], base_paths=['.'], packages_ignore=None, packages_ignore_regex=None, paths=None, packages_up_to=None, packages_up_to_regex=None, packages_above=None, packages_above_and_dependencies=None, packages_above_depth=None, packages_select_by_dep=None, packages_skip_by_dep=None, packages_skip_up_to=None, packages_select_build_failed=False, packages_skip_build_finished=False, packages_select_test_failures=False, packages_skip_test_passed=False, packages_select=None, packages_skip=None, packages_select_regex=None, packages_skip_regex=None, packages_start=None, packages_end=None, allow_overriding=[], cmake_args=None, cmake_target=None, cmake_target_skip_unavailable=False, cmake_clean_cache=False, cmake_clean_first=False, cmake_force_configure=False, ament_cmake_args=None, catkin_cmake_args=None, catkin_skip_building_tests=False, mixin_files=None, mixin=None, verb_parser=<colcon_mixin.mixin.mixin_argument.MixinArgumentDecorator object at 0x7369cc7c5c40>, verb_extension=<colcon_core.verb.build.BuildVerb object at 0x7369ccebd8e0>, main=<bound method BuildVerb.main of <colcon_core.verb.build.BuildVerb object at 0x7369ccebd8e0>>, mixin_verb=('build',))
[0.235s] Level 1:colcon.colcon_core.package_discovery:discover_packages(colcon_meta) check parameters
[0.235s] Level 1:colcon.colcon_core.package_discovery:discover_packages(recursive) check parameters
[0.235s] Level 1:colcon.colcon_core.package_discovery:discover_packages(ignore) check parameters
[0.235s] Level 1:colcon.colcon_core.package_discovery:discover_packages(path) check parameters
[0.235s] Level 1:colcon.colcon_core.package_discovery:discover_packages(colcon_meta) discover
[0.235s] Level 1:colcon.colcon_core.package_discovery:discover_packages(recursive) discover
[0.235s] INFO:colcon.colcon_core.package_discovery:Crawling recursively for packages in '/home/taylorshutes/MTRX3760_Assignment_1'
[0.235s] Level 1:colcon.colcon_core.package_identification:_identify(.) by extensions ['ignore', 'ignore_ament_install']
[0.235s] Level 1:colcon.colcon_core.package_identification:_identify(.) by extension 'ignore'
[0.235s] Level 1:colcon.colcon_core.package_identification:_identify(.) by extension 'ignore_ament_install'
[0.236s] Level 1:colcon.colcon_core.package_identification:_identify(.) by extensions ['colcon_pkg']
[0.236s] Level 1:colcon.colcon_core.package_identification:_identify(.) by extension 'colcon_pkg'
[0.236s] Level 1:colcon.colcon_core.package_identification:_identify(.) by extensions ['colcon_meta']
[0.236s] Level 1:colcon.colcon_core.package_identification:_identify(.) by extension 'colcon_meta'
[0.236s] Level 1:colcon.colcon_core.package_identification:_identify(.) by extensions ['ros']
[0.236s] Level 1:colcon.colcon_core.package_identification:_identify(.) by extension 'ros'
[0.277s] Level 1:colcon.colcon_core.package_identification:_identify(.) by extensions ['cmake', 'python']
[0.277s] Level 1:colcon.colcon_core.package_identification:_identify(.) by extension 'cmake'
[0.277s] Level 1:colcon.colcon_core.package_identification:_identify(.) by extension 'python'
[0.277s] Level 1:colcon.colcon_core.package_identification:_identify(.) by extensions ['python_setup_py']
[0.277s] Level 1:colcon.colcon_core.package_identification:_identify(.) by extension 'python_setup_py'
[0.278s] Level 1:colcon.colcon_core.package_identification:_identify(build) by extensions ['ignore', 'ignore_ament_install']
[0.278s] Level 1:colcon.colcon_core.package_identification:_identify(build) by extension 'ignore'
[0.278s] Level 1:colcon.colcon_core.package_identification:_identify(build) ignored
[0.278s] Level 1:colcon.colcon_core.package_identification:_identify(george_wip) by extensions ['ignore', 'ignore_ament_install']
[0.278s] Level 1:colcon.colcon_core.package_identification:_identify(george_wip) by extension 'ignore'
[0.278s] Level 1:colcon.colcon_core.package_identification:_identify(george_wip) by extension 'ignore_ament_install'
[0.278s] Level 1:colcon.colcon_core.package_identification:_identify(george_wip) by extensions ['colcon_pkg']
[0.278s] Level 1:colcon.colcon_core.package_identification:_identify(george_wip) by extension 'colcon_pkg'
[0.278s] Level 1:colcon.colcon_core.package_identification:_identify(george_wip) by extensions ['colcon_meta']
[0.278s] Level 1:colcon.colcon_core.package_identification:_identify(george_wip) by extension 'colcon_meta'
[0.278s] Level 1:colcon.colcon_core.package_identification:_identify(george_wip) by extensions ['ros']
[0.278s] Level 1:colcon.colcon_core.package_identification:_identify(george_wip) by extension 'ros'
[0.279s] Level 1:colcon.colcon_core.package_identification:_identify(george_wip) by extensions ['cmake', 'python']
[0.279s] Level 1:colcon.colcon_core.package_identification:_identify(george_wip) by extension 'cmake'
[0.279s] Level 1:colcon.colcon_core.package_identification:_identify(george_wip) by extension 'python'
[0.279s] Level 1:colcon.colcon_core.package_identification:_identify(george_wip) by extensions ['python_setup_py']
[0.279s] Level 1:colcon.colcon_core.package_identification:_identify(george_wip) by extension 'python_setup_py'
[0.279s] Level 1:colcon.colcon_core.package_identification:_identify(george_wip/george_driver) by extensions ['ignore', 'ignore_ament_install']
[0.279s] Level 1:colcon.colcon_core.package_identification:_identify(george_wip/george_driver) by extension 'ignore'
[0.279s] Level 1:colcon.colcon_core.package_identification:_identify(george_wip/george_driver) by extension 'ignore_ament_install'
[0.279s] Level 1:colcon.colcon_core.package_identification:_identify(george_wip/george_driver) by extensions ['colcon_pkg']
[0.279s] Level 1:colcon.colcon_core.package_identification:_identify(george_wip/george_driver) by extension 'colcon_pkg'
[0.279s] Level 1:colcon.colcon_core.package_identification:_identify(george_wip/george_driver) by extensions ['colcon_meta']
[0.279s] Level 1:colcon.colcon_core.package_identification:_identify(george_wip/george_driver) by extension 'colcon_meta'
[0.279s] Level 1:colcon.colcon_core.package_identification:_identify(george_wip/george_driver) by extensions ['ros']
[0.279s] Level 1:colcon.colcon_core.package_identification:_identify(george_wip/george_driver) by extension 'ros'
[0.283s] DEBUG:colcon.colcon_core.package_identification:Package 'george_wip/george_driver' with type 'ros.ament_cmake' and name 'taylor_driver'
[0.283s] Level 1:colcon.colcon_core.package_identification:_identify(george_wip/launch) by extensions ['ignore', 'ignore_ament_install']
[0.283s] Level 1:colcon.colcon_core.package_identification:_identify(george_wip/launch) by extension 'ignore'
[0.284s] Level 1:colcon.colcon_core.package_identification:_identify(george_wip/launch) by extension 'ignore_ament_install'
[0.284s] Level 1:colcon.colcon_core.package_identification:_identify(george_wip/launch) by extensions ['colcon_pkg']
[0.284s] Level 1:colcon.colcon_core.package_identification:_identify(george_wip/launch) by extension 'colcon_pkg'
[0.284s] Level 1:colcon.colcon_core.package_identification:_identify(george_wip/launch) by extensions ['colcon_meta']
[0.284s] Level 1:colcon.colcon_core.package_identification:_identify(george_wip/launch) by extension 'colcon_meta'
[0.284s] Level 1:colcon.colcon_core.package_identification:_identify(george_wip/launch) by extensions ['ros']
[0.284s] Level 1:colcon.colcon_core.package_identification:_identify(george_wip/launch) by extension 'ros'
[0.284s] Level 1:colcon.colcon_core.package_identification:_identify(george_wip/launch) by extensions ['cmake', 'python']
[0.284s] Level 1:colcon.colcon_core.package_identification:_identify(george_wip/launch) by extension 'cmake'
[0.284s] Level 1:colcon.colcon_core.package_identification:_identify(george_wip/launch) by extension 'python'
[0.284s] Level 1:colcon.colcon_core.package_identification:_identify(george_wip/launch) by extensions ['python_setup_py']
[0.284s] Level 1:colcon.colcon_core.package_identification:_identify(george_wip/launch) by extension 'python_setup_py'
[0.284s] Level 1:colcon.colcon_core.package_identification:_identify(george_wip/simple_driver) by extensions ['ignore', 'ignore_ament_install']
[0.284s] Level 1:colcon.colcon_core.package_identification:_identify(george_wip/simple_driver) by extension 'ignore'
[0.284s] Level 1:colcon.colcon_core.package_identification:_identify(george_wip/simple_driver) by extension 'ignore_ament_install'
[0.285s] Level 1:colcon.colcon_core.package_identification:_identify(george_wip/simple_driver) by extensions ['colcon_pkg']
[0.285s] Level 1:colcon.colcon_core.package_identification:_identify(george_wip/simple_driver) by extension 'colcon_pkg'
[0.285s] Level 1:colcon.colcon_core.package_identification:_identify(george_wip/simple_driver) by extensions ['colcon_meta']
[0.285s] Level 1:colcon.colcon_core.package_identification:_identify(george_wip/simple_driver) by extension 'colcon_meta'
[0.285s] Level 1:colcon.colcon_core.package_identification:_identify(george_wip/simple_driver) by extensions ['ros']
[0.285s] Level 1:colcon.colcon_core.package_identification:_identify(george_wip/simple_driver) by extension 'ros'
[0.286s] DEBUG:colcon.colcon_core.package_identification:Package 'george_wip/simple_driver' with type 'ros.ament_cmake' and name 'simple_driver'
[0.286s] Level 1:colcon.colcon_core.package_identification:_identify(george_wip/worlds) by extensions ['ignore', 'ignore_ament_install']
[0.286s] Level 1:colcon.colcon_core.package_identification:_identify(george_wip/worlds) by extension 'ignore'
[0.286s] Level 1:colcon.colcon_core.package_identification:_identify(george_wip/worlds) by extension 'ignore_ament_install'
[0.286s] Level 1:colcon.colcon_core.package_identification:_identify(george_wip/worlds) by extensions ['colcon_pkg']
[0.286s] Level 1:colcon.colcon_core.package_identification:_identify(george_wip/worlds) by extension 'colcon_pkg'
[0.286s] Level 1:colcon.colcon_core.package_identification:_identify(george_wip/worlds) by extensions ['colcon_meta']
[0.286s] Level 1:colcon.colcon_core.package_identification:_identify(george_wip/worlds) by extension 'colcon_meta'
[0.286s] Level 1:colcon.colcon_core.package_identification:_identify(george_wip/worlds) by extensions ['ros']
[0.286s] Level 1:colcon.colcon_core.package_identification:_identify(george_wip/worlds) by extension 'ros'
[0.286s] Level 1:colcon.colcon_core.package_identification:_identify(george_wip/worlds) by extensions ['cmake', 'python']
[0.286s] Level 1:colcon.colcon_core.package_identification:_identify(george_wip/worlds) by extension 'cmake'
[0.286s] Level 1:colcon.colcon_core.package_identification:_identify(george_wip/worlds) by extension 'python'
[0.286s] Level 1:colcon.colcon_core.package_identification:_identify(george_wip/worlds) by extensions ['python_setup_py']
[0.286s] Level 1:colcon.colcon_core.package_identification:_identify(george_wip/worlds) by extension 'python_setup_py'
[0.287s] Level 1:colcon.colcon_core.package_identification:_identify(install) by extensions ['ignore', 'ignore_ament_install']
[0.287s] Level 1:colcon.colcon_core.package_identification:_identify(install) by extension 'ignore'
[0.287s] Level 1:colcon.colcon_core.package_identification:_identify(install) ignored
[0.287s] Level 1:colcon.colcon_core.package_identification:_identify(log) by extensions ['ignore', 'ignore_ament_install']
[0.287s] Level 1:colcon.colcon_core.package_identification:_identify(log) by extension 'ignore'
[0.287s] Level 1:colcon.colcon_core.package_identification:_identify(log) ignored
[0.287s] Level 1:colcon.colcon_core.package_identification:_identify(marcus_wip) by extensions ['ignore', 'ignore_ament_install']
[0.287s] Level 1:colcon.colcon_core.package_identification:_identify(marcus_wip) by extension 'ignore'
[0.287s] Level 1:colcon.colcon_core.package_identification:_identify(marcus_wip) by extension 'ignore_ament_install'
[0.287s] Level 1:colcon.colcon_core.package_identification:_identify(marcus_wip) by extensions ['colcon_pkg']
[0.287s] Level 1:colcon.colcon_core.package_identification:_identify(marcus_wip) by extension 'colcon_pkg'
[0.287s] Level 1:colcon.colcon_core.package_identification:_identify(marcus_wip) by extensions ['colcon_meta']
[0.287s] Level 1:colcon.colcon_core.package_identification:_identify(marcus_wip) by extension 'colcon_meta'
[0.287s] Level 1:colcon.colcon_core.package_identification:_identify(marcus_wip) by extensions ['ros']
[0.287s] Level 1:colcon.colcon_core.package_identification:_identify(marcus_wip) by extension 'ros'
[0.288s] DEBUG:colcon.colcon_core.package_identification:Package 'marcus_wip' with type 'ros.ament_cmake' and name 'lidar_processor'
[0.288s] Level 1:colcon.colcon_core.package_identification:_identify(max_wip) by extensions ['ignore', 'ignore_ament_install']
[0.288s] Level 1:colcon.colcon_core.package_identification:_identify(max_wip) by extension 'ignore'
[0.288s] Level 1:colcon.colcon_core.package_identification:_identify(max_wip) by extension 'ignore_ament_install'
[0.288s] Level 1:colcon.colcon_core.package_identification:_identify(max_wip) by extensions ['colcon_pkg']
[0.289s] Level 1:colcon.colcon_core.package_identification:_identify(max_wip) by extension 'colcon_pkg'
[0.289s] Level 1:colcon.colcon_core.package_identification:_identify(max_wip) by extensions ['colcon_meta']
[0.289s] Level 1:colcon.colcon_core.package_identification:_identify(max_wip) by extension 'colcon_meta'
[0.289s] Level 1:colcon.colcon_core.package_identification:_identify(max_wip) by extensions ['ros']
[0.289s] Level 1:colcon.colcon_core.package_identification:_identify(max_wip) by extension 'ros'
[0.289s] Level 1:colcon.colcon_core.package_identification:_identify(max_wip) by extensions ['cmake', 'python']
[0.289s] Level 1:colcon.colcon_core.package_identification:_identify(max_wip) by extension 'cmake'
[0.289s] Level 1:colcon.colcon_core.package_identification:_identify(max_wip) by extension 'python'
[0.289s] Level 1:colcon.colcon_core.package_identification:_identify(max_wip) by extensions ['python_setup_py']
[0.289s] Level 1:colcon.colcon_core.package_identification:_identify(max_wip) by extension 'python_setup_py'
[0.289s] Level 1:colcon.colcon_core.package_identification:_identify(max_wip/simple_driver) by extensions ['ignore', 'ignore_ament_install']
[0.289s] Level 1:colcon.colcon_core.package_identification:_identify(max_wip/simple_driver) by extension 'ignore'
[0.289s] Level 1:colcon.colcon_core.package_identification:_identify(max_wip/simple_driver) by extension 'ignore_ament_install'
[0.289s] Level 1:colcon.colcon_core.package_identification:_identify(max_wip/simple_driver) by extensions ['colcon_pkg']
[0.289s] Level 1:colcon.colcon_core.package_identification:_identify(max_wip/simple_driver) by extension 'colcon_pkg'
[0.289s] Level 1:colcon.colcon_core.package_identification:_identify(max_wip/simple_driver) by extensions ['colcon_meta']
[0.289s] Level 1:colcon.colcon_core.package_identification:_identify(max_wip/simple_driver) by extension 'colcon_meta'
[0.289s] Level 1:colcon.colcon_core.package_identification:_identify(max_wip/simple_driver) by extensions ['ros']
[0.289s] Level 1:colcon.colcon_core.package_identification:_identify(max_wip/simple_driver) by extension 'ros'
[0.290s] DEBUG:colcon.colcon_core.package_identification:Package 'max_wip/simple_driver' with type 'ros.ament_cmake' and name 'simple_driver'
[0.291s] Level 1:colcon.colcon_core.package_identification:_identify(src) by extensions ['ignore', 'ignore_ament_install']
[0.291s] Level 1:colcon.colcon_core.package_identification:_identify(src) by extension 'ignore'
[0.291s] Level 1:colcon.colcon_core.package_identification:_identify(src) by extension 'ignore_ament_install'
[0.291s] Level 1:colcon.colcon_core.package_identification:_identify(src) by extensions ['colcon_pkg']
[0.291s] Level 1:colcon.colcon_core.package_identification:_identify(src) by extension 'colcon_pkg'
[0.291s] Level 1:colcon.colcon_core.package_identification:_identify(src) by extensions ['colcon_meta']
[0.291s] Level 1:colcon.colcon_core.package_identification:_identify(src) by extension 'colcon_meta'
[0.291s] Level 1:colcon.colcon_core.package_identification:_identify(src) by extensions ['ros']
[0.291s] Level 1:colcon.colcon_core.package_identification:_identify(src) by extension 'ros'
[0.291s] Level 1:colcon.colcon_core.package_identification:_identify(src) by extensions ['cmake', 'python']
[0.291s] Level 1:colcon.colcon_core.package_identification:_identify(src) by extension 'cmake'
[0.291s] Level 1:colcon.colcon_core.package_identification:_identify(src) by extension 'python'
[0.291s] Level 1:colcon.colcon_core.package_identification:_identify(src) by extensions ['python_setup_py']
[0.291s] Level 1:colcon.colcon_core.package_identification:_identify(src) by extension 'python_setup_py'
[0.291s] Level 1:colcon.colcon_core.package_identification:_identify(tay_wip) by extensions ['ignore', 'ignore_ament_install']
[0.291s] Level 1:colcon.colcon_core.package_identification:_identify(tay_wip) by extension 'ignore'
[0.291s] Level 1:colcon.colcon_core.package_identification:_identify(tay_wip) by extension 'ignore_ament_install'
[0.292s] Level 1:colcon.colcon_core.package_identification:_identify(tay_wip) by extensions ['colcon_pkg']
[0.292s] Level 1:colcon.colcon_core.package_identification:_identify(tay_wip) by extension 'colcon_pkg'
[0.292s] Level 1:colcon.colcon_core.package_identification:_identify(tay_wip) by extensions ['colcon_meta']
[0.292s] Level 1:colcon.colcon_core.package_identification:_identify(tay_wip) by extension 'colcon_meta'
[0.292s] Level 1:colcon.colcon_core.package_identification:_identify(tay_wip) by extensions ['ros']
[0.292s] Level 1:colcon.colcon_core.package_identification:_identify(tay_wip) by extension 'ros'
[0.292s] Level 1:colcon.colcon_core.package_identification:_identify(tay_wip) by extensions ['cmake', 'python']
[0.292s] Level 1:colcon.colcon_core.package_identification:_identify(tay_wip) by extension 'cmake'
[0.292s] Level 1:colcon.colcon_core.package_identification:_identify(tay_wip) by extension 'python'
[0.292s] Level 1:colcon.colcon_core.package_identification:_identify(tay_wip) by extensions ['python_setup_py']
[0.292s] Level 1:colcon.colcon_core.package_identification:_identify(tay_wip) by extension 'python_setup_py'
[0.292s] Level 1:colcon.colcon_core.package_identification:_identify(tay_wip/launch) by extensions ['ignore', 'ignore_ament_install']
[0.292s] Level 1:colcon.colcon_core.package_identification:_identify(tay_wip/launch) by extension 'ignore'
[0.292s] Level 1:colcon.colcon_core.package_identification:_identify(tay_wip/launch) by extension 'ignore_ament_install'
[0.292s] Level 1:colcon.colcon_core.package_identification:_identify(tay_wip/launch) by extensions ['colcon_pkg']
[0.292s] Level 1:colcon.colcon_core.package_identification:_identify(tay_wip/launch) by extension 'colcon_pkg'
[0.292s] Level 1:colcon.colcon_core.package_identification:_identify(tay_wip/launch) by extensions ['colcon_meta']
[0.292s] Level 1:colcon.colcon_core.package_identification:_identify(tay_wip/launch) by extension 'colcon_meta'
[0.292s] Level 1:colcon.colcon_core.package_identification:_identify(tay_wip/launch) by extensions ['ros']
[0.292s] Level 1:colcon.colcon_core.package_identification:_identify(tay_wip/launch) by extension 'ros'
[0.293s] Level 1:colcon.colcon_core.package_identification:_identify(tay_wip/launch) by extensions ['cmake', 'python']
[0.293s] Level 1:colcon.colcon_core.package_identification:_identify(tay_wip/launch) by extension 'cmake'
[0.293s] Level 1:colcon.colcon_core.package_identification:_identify(tay_wip/launch) by extension 'python'
[0.293s] Level 1:colcon.colcon_core.package_identification:_identify(tay_wip/launch) by extensions ['python_setup_py']
[0.293s] Level 1:colcon.colcon_core.package_identification:_identify(tay_wip/launch) by extension 'python_setup_py'
[0.293s] Level 1:colcon.colcon_core.package_identification:_identify(tay_wip/simple_driver) by extensions ['ignore', 'ignore_ament_install']
[0.293s] Level 1:colcon.colcon_core.package_identification:_identify(tay_wip/simple_driver) by extension 'ignore'
[0.293s] Level 1:colcon.colcon_core.package_identification:_identify(tay_wip/simple_driver) by extension 'ignore_ament_install'
[0.293s] Level 1:colcon.colcon_core.package_identification:_identify(tay_wip/simple_driver) by extensions ['colcon_pkg']
[0.293s] Level 1:colcon.colcon_core.package_identification:_identify(tay_wip/simple_driver) by extension 'colcon_pkg'
[0.293s] Level 1:colcon.colcon_core.package_identification:_identify(tay_wip/simple_driver) by extensions ['colcon_meta']
[0.293s] Level 1:colcon.colcon_core.package_identification:_identify(tay_wip/simple_driver) by extension 'colcon_meta'
[0.293s] Level 1:colcon.colcon_core.package_identification:_identify(tay_wip/simple_driver) by extensions ['ros']
[0.293s] Level 1:colcon.colcon_core.package_identification:_identify(tay_wip/simple_driver) by extension 'ros'
[0.294s] DEBUG:colcon.colcon_core.package_identification:Package 'tay_wip/simple_driver' with type 'ros.ament_cmake' and name 'simple_driver'
[0.294s] Level 1:colcon.colcon_core.package_identification:_identify(tay_wip/taylor_driver) by extensions ['ignore', 'ignore_ament_install']
[0.294s] Level 1:colcon.colcon_core.package_identification:_identify(tay_wip/taylor_driver) by extension 'ignore'
[0.294s] Level 1:colcon.colcon_core.package_identification:_identify(tay_wip/taylor_driver) by extension 'ignore_ament_install'
[0.294s] Level 1:colcon.colcon_core.package_identification:_identify(tay_wip/taylor_driver) by extensions ['colcon_pkg']
[0.295s] Level 1:colcon.colcon_core.package_identification:_identify(tay_wip/taylor_driver) by extension 'colcon_pkg'
[0.295s] Level 1:colcon.colcon_core.package_identification:_identify(tay_wip/taylor_driver) by extensions ['colcon_meta']
[0.295s] Level 1:colcon.colcon_core.package_identification:_identify(tay_wip/taylor_driver) by extension 'colcon_meta'
[0.295s] Level 1:colcon.colcon_core.package_identification:_identify(tay_wip/taylor_driver) by extensions ['ros']
[0.295s] Level 1:colcon.colcon_core.package_identification:_identify(tay_wip/taylor_driver) by extension 'ros'
[0.295s] DEBUG:colcon.colcon_core.package_identification:Package 'tay_wip/taylor_driver' with type 'ros.ament_cmake' and name 'taylor_driver'
[0.296s] Level 1:colcon.colcon_core.package_identification:_identify(tay_wip/worlds) by extensions ['ignore', 'ignore_ament_install']
[0.296s] Level 1:colcon.colcon_core.package_identification:_identify(tay_wip/worlds) by extension 'ignore'
[0.296s] Level 1:colcon.colcon_core.package_identification:_identify(tay_wip/worlds) by extension 'ignore_ament_install'
[0.296s] Level 1:colcon.colcon_core.package_identification:_identify(tay_wip/worlds) by extensions ['colcon_pkg']
[0.296s] Level 1:colcon.colcon_core.package_identification:_identify(tay_wip/worlds) by extension 'colcon_pkg'
[0.296s] Level 1:colcon.colcon_core.package_identification:_identify(tay_wip/worlds) by extensions ['colcon_meta']
[0.296s] Level 1:colcon.colcon_core.package_identification:_identify(tay_wip/worlds) by extension 'colcon_meta'
[0.296s] Level 1:colcon.colcon_core.package_identification:_identify(tay_wip/worlds) by extensions ['ros']
[0.296s] Level 1:colcon.colcon_core.package_identification:_identify(tay_wip/worlds) by extension 'ros'
[0.296s] Level 1:colcon.colcon_core.package_identification:_identify(tay_wip/worlds) by extensions ['cmake', 'python']
[0.296s] Level 1:colcon.colcon_core.package_identification:_identify(tay_wip/worlds) by extension 'cmake'
[0.296s] Level 1:colcon.colcon_core.package_identification:_identify(tay_wip/worlds) by extension 'python'
[0.296s] Level 1:colcon.colcon_core.package_identification:_identify(tay_wip/worlds) by extensions ['python_setup_py']
[0.296s] Level 1:colcon.colcon_core.package_identification:_identify(tay_wip/worlds) by extension 'python_setup_py'
[0.296s] Level 1:colcon.colcon_core.package_discovery:discover_packages(recursive) using defaults
[0.296s] Level 1:colcon.colcon_core.package_discovery:discover_packages(ignore) discover
[0.296s] Level 1:colcon.colcon_core.package_discovery:discover_packages(ignore) using defaults
[0.297s] Level 1:colcon.colcon_core.package_discovery:discover_packages(path) discover
[0.297s] Level 1:colcon.colcon_core.package_discovery:discover_packages(path) using defaults
[0.326s] Level 1:colcon.colcon_core.package_discovery:discover_packages(prefix_path) check parameters
[0.327s] Level 1:colcon.colcon_core.package_discovery:discover_packages(prefix_path) discover
[0.330s] DEBUG:colcon.colcon_installed_package_information.package_discovery:Found 8 installed packages in /home/taylorshutes/turtlebot3_ws/install
[0.331s] DEBUG:colcon.colcon_installed_package_information.package_discovery:Found 26 installed packages in /home/taylorshutes/install
[0.334s] DEBUG:colcon.colcon_installed_package_information.package_discovery:Found 395 installed packages in /opt/ros/jazzy
[0.337s] Level 1:colcon.colcon_core.package_discovery:discover_packages(prefix_path) using defaults
[0.413s] ERROR:colcon:colcon build: Duplicate package names not supported:
- simple_driver:
  - george_wip/simple_driver
  - max_wip/simple_driver
  - tay_wip/simple_driver
- taylor_driver:
  - george_wip/george_driver
  - tay_wip/taylor_driver
