[0.014s] Invoking command in '/home/max-rogers/MTRX3760_Assignment_1/build/turtlebot3': AMENT_PREFIX_PATH=/home/max-rogers/MTRX3760_Assignment_1/install:${AMENT_PREFIX_PATH} CMAKE_PREFIX_PATH=/home/max-rogers/MTRX3760_Assignment_1/install:/opt/ros/jazzy/opt/gz_sim_vendor:/opt/ros/jazzy/opt/gz_sensors_vendor:/opt/ros/jazzy/opt/gz_physics_vendor:/opt/ros/jazzy/opt/sdformat_vendor:/opt/ros/jazzy/opt/gz_gui_vendor:/opt/ros/jazzy/opt/gz_transport_vendor:/opt/ros/jazzy/opt/gz_rendering_vendor:/opt/ros/jazzy/opt/gz_plugin_vendor:/opt/ros/jazzy/opt/gz_fuel_tools_vendor:/opt/ros/jazzy/opt/gz_msgs_vendor:/opt/ros/jazzy/opt/gz_common_vendor:/opt/ros/jazzy/opt/gz_math_vendor:/opt/ros/jazzy/opt/gz_utils_vendor:/opt/ros/jazzy/opt/gz_tools_vendor:/opt/ros/jazzy/opt/gz_ogre_next_vendor:/opt/ros/jazzy/opt/gz_dartsim_vendor:/opt/ros/jazzy/opt/gz_cmake_vendor:/opt/ros/jazzy DEBUGINFOD_URLS=https://debuginfod.ubuntu.com LD_LIBRARY_PATH=/home/max-rogers/MTRX3760_Assignment_1/install/lib:${LD_LIBRARY_PATH} PYTHONPATH=/home/max-rogers/MTRX3760_Assignment_1/install/lib/python3.12/site-packages:${PYTHONPATH} /usr/bin/cmake /home/max-rogers/MTRX3760_Assignment_1/src/turtlebot3/turtlebot3 -DCMAKE_INSTALL_PREFIX=/home/max-rogers/MTRX3760_Assignment_1/install
[0.058s] -- The C compiler identification is GNU 13.3.0
[0.106s] -- The CXX compiler identification is GNU 13.3.0
[0.117s] -- Detecting C compiler ABI info
[0.190s] -- Detecting C compiler ABI info - done
[0.197s] -- Check for working C compiler: /usr/bin/cc - skipped
[0.197s] -- Detecting C compile features
[0.198s] -- Detecting C compile features - done
[0.204s] -- Detecting CXX compiler ABI info
[0.302s] -- Detecting CXX compiler ABI info - done
[0.309s] -- Check for working CXX compiler: /usr/bin/c++ - skipped
[0.309s] -- Detecting CXX compile features
[0.309s] -- Detecting CXX compile features - done
[0.312s] -- Found ament_cmake: 2.5.4 (/opt/ros/jazzy/share/ament_cmake/cmake)
[0.425s] -- Found Python3: /usr/bin/python3 (found version "3.12.3") found components: Interpreter 
[0.582s] -- Configuring done (0.6s)
[0.583s] -- Generating done (0.0s)
[0.584s] -- Build files have been written to: /home/max-rogers/MTRX3760_Assignment_1/build/turtlebot3
[0.588s] Invoked command in '/home/max-rogers/MTRX3760_Assignment_1/build/turtlebot3' returned '0': AMENT_PREFIX_PATH=/home/max-rogers/MTRX3760_Assignment_1/install:${AMENT_PREFIX_PATH} CMAKE_PREFIX_PATH=/home/max-rogers/MTRX3760_Assignment_1/install:/opt/ros/jazzy/opt/gz_sim_vendor:/opt/ros/jazzy/opt/gz_sensors_vendor:/opt/ros/jazzy/opt/gz_physics_vendor:/opt/ros/jazzy/opt/sdformat_vendor:/opt/ros/jazzy/opt/gz_gui_vendor:/opt/ros/jazzy/opt/gz_transport_vendor:/opt/ros/jazzy/opt/gz_rendering_vendor:/opt/ros/jazzy/opt/gz_plugin_vendor:/opt/ros/jazzy/opt/gz_fuel_tools_vendor:/opt/ros/jazzy/opt/gz_msgs_vendor:/opt/ros/jazzy/opt/gz_common_vendor:/opt/ros/jazzy/opt/gz_math_vendor:/opt/ros/jazzy/opt/gz_utils_vendor:/opt/ros/jazzy/opt/gz_tools_vendor:/opt/ros/jazzy/opt/gz_ogre_next_vendor:/opt/ros/jazzy/opt/gz_dartsim_vendor:/opt/ros/jazzy/opt/gz_cmake_vendor:/opt/ros/jazzy DEBUGINFOD_URLS=https://debuginfod.ubuntu.com LD_LIBRARY_PATH=/home/max-rogers/MTRX3760_Assignment_1/install/lib:${LD_LIBRARY_PATH} PYTHONPATH=/home/max-rogers/MTRX3760_Assignment_1/install/lib/python3.12/site-packages:${PYTHONPATH} /usr/bin/cmake /home/max-rogers/MTRX3760_Assignment_1/src/turtlebot3/turtlebot3 -DCMAKE_INSTALL_PREFIX=/home/max-rogers/MTRX3760_Assignment_1/install
[0.589s] Invoking command in '/home/max-rogers/MTRX3760_Assignment_1/build/turtlebot3': AMENT_PREFIX_PATH=/home/max-rogers/MTRX3760_Assignment_1/install:${AMENT_PREFIX_PATH} CMAKE_PREFIX_PATH=/home/max-rogers/MTRX3760_Assignment_1/install:/opt/ros/jazzy/opt/gz_sim_vendor:/opt/ros/jazzy/opt/gz_sensors_vendor:/opt/ros/jazzy/opt/gz_physics_vendor:/opt/ros/jazzy/opt/sdformat_vendor:/opt/ros/jazzy/opt/gz_gui_vendor:/opt/ros/jazzy/opt/gz_transport_vendor:/opt/ros/jazzy/opt/gz_rendering_vendor:/opt/ros/jazzy/opt/gz_plugin_vendor:/opt/ros/jazzy/opt/gz_fuel_tools_vendor:/opt/ros/jazzy/opt/gz_msgs_vendor:/opt/ros/jazzy/opt/gz_common_vendor:/opt/ros/jazzy/opt/gz_math_vendor:/opt/ros/jazzy/opt/gz_utils_vendor:/opt/ros/jazzy/opt/gz_tools_vendor:/opt/ros/jazzy/opt/gz_ogre_next_vendor:/opt/ros/jazzy/opt/gz_dartsim_vendor:/opt/ros/jazzy/opt/gz_cmake_vendor:/opt/ros/jazzy DEBUGINFOD_URLS=https://debuginfod.ubuntu.com LD_LIBRARY_PATH=/home/max-rogers/MTRX3760_Assignment_1/install/lib:${LD_LIBRARY_PATH} PYTHONPATH=/home/max-rogers/MTRX3760_Assignment_1/install/lib/python3.12/site-packages:${PYTHONPATH} /usr/bin/cmake --build /home/max-rogers/MTRX3760_Assignment_1/build/turtlebot3 -- -j8 -l8
[0.616s] Invoked command in '/home/max-rogers/MTRX3760_Assignment_1/build/turtlebot3' returned '0': AMENT_PREFIX_PATH=/home/max-rogers/MTRX3760_Assignment_1/install:${AMENT_PREFIX_PATH} CMAKE_PREFIX_PATH=/home/max-rogers/MTRX3760_Assignment_1/install:/opt/ros/jazzy/opt/gz_sim_vendor:/opt/ros/jazzy/opt/gz_sensors_vendor:/opt/ros/jazzy/opt/gz_physics_vendor:/opt/ros/jazzy/opt/sdformat_vendor:/opt/ros/jazzy/opt/gz_gui_vendor:/opt/ros/jazzy/opt/gz_transport_vendor:/opt/ros/jazzy/opt/gz_rendering_vendor:/opt/ros/jazzy/opt/gz_plugin_vendor:/opt/ros/jazzy/opt/gz_fuel_tools_vendor:/opt/ros/jazzy/opt/gz_msgs_vendor:/opt/ros/jazzy/opt/gz_common_vendor:/opt/ros/jazzy/opt/gz_math_vendor:/opt/ros/jazzy/opt/gz_utils_vendor:/opt/ros/jazzy/opt/gz_tools_vendor:/opt/ros/jazzy/opt/gz_ogre_next_vendor:/opt/ros/jazzy/opt/gz_dartsim_vendor:/opt/ros/jazzy/opt/gz_cmake_vendor:/opt/ros/jazzy DEBUGINFOD_URLS=https://debuginfod.ubuntu.com LD_LIBRARY_PATH=/home/max-rogers/MTRX3760_Assignment_1/install/lib:${LD_LIBRARY_PATH} PYTHONPATH=/home/max-rogers/MTRX3760_Assignment_1/install/lib/python3.12/site-packages:${PYTHONPATH} /usr/bin/cmake --build /home/max-rogers/MTRX3760_Assignment_1/build/turtlebot3 -- -j8 -l8
[0.617s] Invoking command in '/home/max-rogers/MTRX3760_Assignment_1/build/turtlebot3': AMENT_PREFIX_PATH=/home/max-rogers/MTRX3760_Assignment_1/install:${AMENT_PREFIX_PATH} CMAKE_PREFIX_PATH=/home/max-rogers/MTRX3760_Assignment_1/install:/opt/ros/jazzy/opt/gz_sim_vendor:/opt/ros/jazzy/opt/gz_sensors_vendor:/opt/ros/jazzy/opt/gz_physics_vendor:/opt/ros/jazzy/opt/sdformat_vendor:/opt/ros/jazzy/opt/gz_gui_vendor:/opt/ros/jazzy/opt/gz_transport_vendor:/opt/ros/jazzy/opt/gz_rendering_vendor:/opt/ros/jazzy/opt/gz_plugin_vendor:/opt/ros/jazzy/opt/gz_fuel_tools_vendor:/opt/ros/jazzy/opt/gz_msgs_vendor:/opt/ros/jazzy/opt/gz_common_vendor:/opt/ros/jazzy/opt/gz_math_vendor:/opt/ros/jazzy/opt/gz_utils_vendor:/opt/ros/jazzy/opt/gz_tools_vendor:/opt/ros/jazzy/opt/gz_ogre_next_vendor:/opt/ros/jazzy/opt/gz_dartsim_vendor:/opt/ros/jazzy/opt/gz_cmake_vendor:/opt/ros/jazzy DEBUGINFOD_URLS=https://debuginfod.ubuntu.com LD_LIBRARY_PATH=/home/max-rogers/MTRX3760_Assignment_1/install/lib:${LD_LIBRARY_PATH} PYTHONPATH=/home/max-rogers/MTRX3760_Assignment_1/install/lib/python3.12/site-packages:${PYTHONPATH} /usr/bin/cmake --install /home/max-rogers/MTRX3760_Assignment_1/build/turtlebot3
[0.623s] -- Install configuration: ""
[0.623s] -- Installing: /home/max-rogers/MTRX3760_Assignment_1/install/share/ament_index/resource_index/package_run_dependencies/turtlebot3
[0.623s] -- Installing: /home/max-rogers/MTRX3760_Assignment_1/install/share/ament_index/resource_index/parent_prefix_path/turtlebot3
[0.623s] -- Installing: /home/max-rogers/MTRX3760_Assignment_1/install/share/turtlebot3/environment/ament_prefix_path.sh
[0.623s] -- Installing: /home/max-rogers/MTRX3760_Assignment_1/install/share/turtlebot3/environment/ament_prefix_path.dsv
[0.623s] -- Installing: /home/max-rogers/MTRX3760_Assignment_1/install/share/turtlebot3/environment/path.sh
[0.624s] -- Installing: /home/max-rogers/MTRX3760_Assignment_1/install/share/turtlebot3/environment/path.dsv
[0.624s] -- Installing: /home/max-rogers/MTRX3760_Assignment_1/install/share/turtlebot3/local_setup.bash
[0.624s] -- Installing: /home/max-rogers/MTRX3760_Assignment_1/install/share/turtlebot3/local_setup.sh
[0.624s] -- Installing: /home/max-rogers/MTRX3760_Assignment_1/install/share/turtlebot3/local_setup.zsh
[0.624s] -- Installing: /home/max-rogers/MTRX3760_Assignment_1/install/share/turtlebot3/local_setup.dsv
[0.624s] -- Installing: /home/max-rogers/MTRX3760_Assignment_1/install/share/turtlebot3/package.dsv
[0.624s] -- Installing: /home/max-rogers/MTRX3760_Assignment_1/install/share/ament_index/resource_index/packages/turtlebot3
[0.624s] -- Installing: /home/max-rogers/MTRX3760_Assignment_1/install/share/turtlebot3/cmake/turtlebot3Config.cmake
[0.624s] -- Installing: /home/max-rogers/MTRX3760_Assignment_1/install/share/turtlebot3/cmake/turtlebot3Config-version.cmake
[0.624s] -- Installing: /home/max-rogers/MTRX3760_Assignment_1/install/share/turtlebot3/package.xml
[0.625s] Invoked command in '/home/max-rogers/MTRX3760_Assignment_1/build/turtlebot3' returned '0': AMENT_PREFIX_PATH=/home/max-rogers/MTRX3760_Assignment_1/install:${AMENT_PREFIX_PATH} CMAKE_PREFIX_PATH=/home/max-rogers/MTRX3760_Assignment_1/install:/opt/ros/jazzy/opt/gz_sim_vendor:/opt/ros/jazzy/opt/gz_sensors_vendor:/opt/ros/jazzy/opt/gz_physics_vendor:/opt/ros/jazzy/opt/sdformat_vendor:/opt/ros/jazzy/opt/gz_gui_vendor:/opt/ros/jazzy/opt/gz_transport_vendor:/opt/ros/jazzy/opt/gz_rendering_vendor:/opt/ros/jazzy/opt/gz_plugin_vendor:/opt/ros/jazzy/opt/gz_fuel_tools_vendor:/opt/ros/jazzy/opt/gz_msgs_vendor:/opt/ros/jazzy/opt/gz_common_vendor:/opt/ros/jazzy/opt/gz_math_vendor:/opt/ros/jazzy/opt/gz_utils_vendor:/opt/ros/jazzy/opt/gz_tools_vendor:/opt/ros/jazzy/opt/gz_ogre_next_vendor:/opt/ros/jazzy/opt/gz_dartsim_vendor:/opt/ros/jazzy/opt/gz_cmake_vendor:/opt/ros/jazzy DEBUGINFOD_URLS=https://debuginfod.ubuntu.com LD_LIBRARY_PATH=/home/max-rogers/MTRX3760_Assignment_1/install/lib:${LD_LIBRARY_PATH} PYTHONPATH=/home/max-rogers/MTRX3760_Assignment_1/install/lib/python3.12/site-packages:${PYTHONPATH} /usr/bin/cmake --install /home/max-rogers/MTRX3760_Assignment_1/build/turtlebot3
