[0.012s] Invoking command in '/home/max-rogers/MTRX3760_Assignment_1/build/turtlebot3_simulations': AMENT_PREFIX_PATH=/home/max-rogers/MTRX3760_Assignment_1/install:${AMENT_PREFIX_PATH} CMAKE_PREFIX_PATH=/home/max-rogers/MTRX3760_Assignment_1/install:/opt/ros/jazzy/opt/gz_sim_vendor:/opt/ros/jazzy/opt/gz_sensors_vendor:/opt/ros/jazzy/opt/gz_physics_vendor:/opt/ros/jazzy/opt/sdformat_vendor:/opt/ros/jazzy/opt/gz_gui_vendor:/opt/ros/jazzy/opt/gz_transport_vendor:/opt/ros/jazzy/opt/gz_rendering_vendor:/opt/ros/jazzy/opt/gz_plugin_vendor:/opt/ros/jazzy/opt/gz_fuel_tools_vendor:/opt/ros/jazzy/opt/gz_msgs_vendor:/opt/ros/jazzy/opt/gz_common_vendor:/opt/ros/jazzy/opt/gz_math_vendor:/opt/ros/jazzy/opt/gz_utils_vendor:/opt/ros/jazzy/opt/gz_tools_vendor:/opt/ros/jazzy/opt/gz_ogre_next_vendor:/opt/ros/jazzy/opt/gz_dartsim_vendor:/opt/ros/jazzy/opt/gz_cmake_vendor:/opt/ros/jazzy DEBUGINFOD_URLS=https://debuginfod.ubuntu.com LD_LIBRARY_PATH=/home/max-rogers/MTRX3760_Assignment_1/install/lib:${LD_LIBRARY_PATH} PYTHONPATH=/home/max-rogers/MTRX3760_Assignment_1/install/lib/python3.12/site-packages:${PYTHONPATH} /usr/bin/cmake /home/max-rogers/MTRX3760_Assignment_1/src/turtlebot3_simulations/turtlebot3_simulations -DCMAKE_INSTALL_PREFIX=/home/max-rogers/MTRX3760_Assignment_1/install
[0.066s] -- The C compiler identification is GNU 13.3.0
[0.121s] -- The CXX compiler identification is GNU 13.3.0
[0.136s] -- Detecting C compiler ABI info
[0.220s] -- Detecting C compiler ABI info - done
[0.230s] -- Check for working C compiler: /usr/bin/cc - skipped
[0.230s] -- Detecting C compile features
[0.230s] -- Detecting C compile features - done
[0.239s] -- Detecting CXX compiler ABI info
[0.334s] -- Detecting CXX compiler ABI info - done
[0.344s] -- Check for working CXX compiler: /usr/bin/c++ - skipped
[0.344s] -- Detecting CXX compile features
[0.345s] -- Detecting CXX compile features - done
[0.350s] -- Found ament_cmake: 2.5.4 (/opt/ros/jazzy/share/ament_cmake/cmake)
[0.510s] -- Found Python3: /usr/bin/python3 (found version "3.12.3") found components: Interpreter 
[0.739s] -- Configuring done (0.7s)
[0.741s] -- Generating done (0.0s)
[0.743s] -- Build files have been written to: /home/max-rogers/MTRX3760_Assignment_1/build/turtlebot3_simulations
[0.747s] Invoked command in '/home/max-rogers/MTRX3760_Assignment_1/build/turtlebot3_simulations' returned '0': AMENT_PREFIX_PATH=/home/max-rogers/MTRX3760_Assignment_1/install:${AMENT_PREFIX_PATH} CMAKE_PREFIX_PATH=/home/max-rogers/MTRX3760_Assignment_1/install:/opt/ros/jazzy/opt/gz_sim_vendor:/opt/ros/jazzy/opt/gz_sensors_vendor:/opt/ros/jazzy/opt/gz_physics_vendor:/opt/ros/jazzy/opt/sdformat_vendor:/opt/ros/jazzy/opt/gz_gui_vendor:/opt/ros/jazzy/opt/gz_transport_vendor:/opt/ros/jazzy/opt/gz_rendering_vendor:/opt/ros/jazzy/opt/gz_plugin_vendor:/opt/ros/jazzy/opt/gz_fuel_tools_vendor:/opt/ros/jazzy/opt/gz_msgs_vendor:/opt/ros/jazzy/opt/gz_common_vendor:/opt/ros/jazzy/opt/gz_math_vendor:/opt/ros/jazzy/opt/gz_utils_vendor:/opt/ros/jazzy/opt/gz_tools_vendor:/opt/ros/jazzy/opt/gz_ogre_next_vendor:/opt/ros/jazzy/opt/gz_dartsim_vendor:/opt/ros/jazzy/opt/gz_cmake_vendor:/opt/ros/jazzy DEBUGINFOD_URLS=https://debuginfod.ubuntu.com LD_LIBRARY_PATH=/home/max-rogers/MTRX3760_Assignment_1/install/lib:${LD_LIBRARY_PATH} PYTHONPATH=/home/max-rogers/MTRX3760_Assignment_1/install/lib/python3.12/site-packages:${PYTHONPATH} /usr/bin/cmake /home/max-rogers/MTRX3760_Assignment_1/src/turtlebot3_simulations/turtlebot3_simulations -DCMAKE_INSTALL_PREFIX=/home/max-rogers/MTRX3760_Assignment_1/install
[0.749s] Invoking command in '/home/max-rogers/MTRX3760_Assignment_1/build/turtlebot3_simulations': AMENT_PREFIX_PATH=/home/max-rogers/MTRX3760_Assignment_1/install:${AMENT_PREFIX_PATH} CMAKE_PREFIX_PATH=/home/max-rogers/MTRX3760_Assignment_1/install:/opt/ros/jazzy/opt/gz_sim_vendor:/opt/ros/jazzy/opt/gz_sensors_vendor:/opt/ros/jazzy/opt/gz_physics_vendor:/opt/ros/jazzy/opt/sdformat_vendor:/opt/ros/jazzy/opt/gz_gui_vendor:/opt/ros/jazzy/opt/gz_transport_vendor:/opt/ros/jazzy/opt/gz_rendering_vendor:/opt/ros/jazzy/opt/gz_plugin_vendor:/opt/ros/jazzy/opt/gz_fuel_tools_vendor:/opt/ros/jazzy/opt/gz_msgs_vendor:/opt/ros/jazzy/opt/gz_common_vendor:/opt/ros/jazzy/opt/gz_math_vendor:/opt/ros/jazzy/opt/gz_utils_vendor:/opt/ros/jazzy/opt/gz_tools_vendor:/opt/ros/jazzy/opt/gz_ogre_next_vendor:/opt/ros/jazzy/opt/gz_dartsim_vendor:/opt/ros/jazzy/opt/gz_cmake_vendor:/opt/ros/jazzy DEBUGINFOD_URLS=https://debuginfod.ubuntu.com LD_LIBRARY_PATH=/home/max-rogers/MTRX3760_Assignment_1/install/lib:${LD_LIBRARY_PATH} PYTHONPATH=/home/max-rogers/MTRX3760_Assignment_1/install/lib/python3.12/site-packages:${PYTHONPATH} /usr/bin/cmake --build /home/max-rogers/MTRX3760_Assignment_1/build/turtlebot3_simulations -- -j8 -l8
[0.787s] Invoked command in '/home/max-rogers/MTRX3760_Assignment_1/build/turtlebot3_simulations' returned '0': AMENT_PREFIX_PATH=/home/max-rogers/MTRX3760_Assignment_1/install:${AMENT_PREFIX_PATH} CMAKE_PREFIX_PATH=/home/max-rogers/MTRX3760_Assignment_1/install:/opt/ros/jazzy/opt/gz_sim_vendor:/opt/ros/jazzy/opt/gz_sensors_vendor:/opt/ros/jazzy/opt/gz_physics_vendor:/opt/ros/jazzy/opt/sdformat_vendor:/opt/ros/jazzy/opt/gz_gui_vendor:/opt/ros/jazzy/opt/gz_transport_vendor:/opt/ros/jazzy/opt/gz_rendering_vendor:/opt/ros/jazzy/opt/gz_plugin_vendor:/opt/ros/jazzy/opt/gz_fuel_tools_vendor:/opt/ros/jazzy/opt/gz_msgs_vendor:/opt/ros/jazzy/opt/gz_common_vendor:/opt/ros/jazzy/opt/gz_math_vendor:/opt/ros/jazzy/opt/gz_utils_vendor:/opt/ros/jazzy/opt/gz_tools_vendor:/opt/ros/jazzy/opt/gz_ogre_next_vendor:/opt/ros/jazzy/opt/gz_dartsim_vendor:/opt/ros/jazzy/opt/gz_cmake_vendor:/opt/ros/jazzy DEBUGINFOD_URLS=https://debuginfod.ubuntu.com LD_LIBRARY_PATH=/home/max-rogers/MTRX3760_Assignment_1/install/lib:${LD_LIBRARY_PATH} PYTHONPATH=/home/max-rogers/MTRX3760_Assignment_1/install/lib/python3.12/site-packages:${PYTHONPATH} /usr/bin/cmake --build /home/max-rogers/MTRX3760_Assignment_1/build/turtlebot3_simulations -- -j8 -l8
[0.788s] Invoking command in '/home/max-rogers/MTRX3760_Assignment_1/build/turtlebot3_simulations': AMENT_PREFIX_PATH=/home/max-rogers/MTRX3760_Assignment_1/install:${AMENT_PREFIX_PATH} CMAKE_PREFIX_PATH=/home/max-rogers/MTRX3760_Assignment_1/install:/opt/ros/jazzy/opt/gz_sim_vendor:/opt/ros/jazzy/opt/gz_sensors_vendor:/opt/ros/jazzy/opt/gz_physics_vendor:/opt/ros/jazzy/opt/sdformat_vendor:/opt/ros/jazzy/opt/gz_gui_vendor:/opt/ros/jazzy/opt/gz_transport_vendor:/opt/ros/jazzy/opt/gz_rendering_vendor:/opt/ros/jazzy/opt/gz_plugin_vendor:/opt/ros/jazzy/opt/gz_fuel_tools_vendor:/opt/ros/jazzy/opt/gz_msgs_vendor:/opt/ros/jazzy/opt/gz_common_vendor:/opt/ros/jazzy/opt/gz_math_vendor:/opt/ros/jazzy/opt/gz_utils_vendor:/opt/ros/jazzy/opt/gz_tools_vendor:/opt/ros/jazzy/opt/gz_ogre_next_vendor:/opt/ros/jazzy/opt/gz_dartsim_vendor:/opt/ros/jazzy/opt/gz_cmake_vendor:/opt/ros/jazzy DEBUGINFOD_URLS=https://debuginfod.ubuntu.com LD_LIBRARY_PATH=/home/max-rogers/MTRX3760_Assignment_1/install/lib:${LD_LIBRARY_PATH} PYTHONPATH=/home/max-rogers/MTRX3760_Assignment_1/install/lib/python3.12/site-packages:${PYTHONPATH} /usr/bin/cmake --install /home/max-rogers/MTRX3760_Assignment_1/build/turtlebot3_simulations
[0.796s] -- Install configuration: ""
[0.796s] -- Installing: /home/max-rogers/MTRX3760_Assignment_1/install/share/ament_index/resource_index/package_run_dependencies/turtlebot3_simulations
[0.796s] -- Installing: /home/max-rogers/MTRX3760_Assignment_1/install/share/ament_index/resource_index/parent_prefix_path/turtlebot3_simulations
[0.796s] -- Installing: /home/max-rogers/MTRX3760_Assignment_1/install/share/turtlebot3_simulations/environment/ament_prefix_path.sh
[0.796s] -- Installing: /home/max-rogers/MTRX3760_Assignment_1/install/share/turtlebot3_simulations/environment/ament_prefix_path.dsv
[0.796s] -- Installing: /home/max-rogers/MTRX3760_Assignment_1/install/share/turtlebot3_simulations/environment/path.sh
[0.797s] -- Installing: /home/max-rogers/MTRX3760_Assignment_1/install/share/turtlebot3_simulations/environment/path.dsv
[0.797s] -- Installing: /home/max-rogers/MTRX3760_Assignment_1/install/share/turtlebot3_simulations/local_setup.bash
[0.797s] -- Installing: /home/max-rogers/MTRX3760_Assignment_1/install/share/turtlebot3_simulations/local_setup.sh
[0.797s] -- Installing: /home/max-rogers/MTRX3760_Assignment_1/install/share/turtlebot3_simulations/local_setup.zsh
[0.797s] -- Installing: /home/max-rogers/MTRX3760_Assignment_1/install/share/turtlebot3_simulations/local_setup.dsv
[0.797s] -- Installing: /home/max-rogers/MTRX3760_Assignment_1/install/share/turtlebot3_simulations/package.dsv
[0.797s] -- Installing: /home/max-rogers/MTRX3760_Assignment_1/install/share/ament_index/resource_index/packages/turtlebot3_simulations
[0.797s] -- Installing: /home/max-rogers/MTRX3760_Assignment_1/install/share/turtlebot3_simulations/cmake/turtlebot3_simulationsConfig.cmake
[0.798s] -- Installing: /home/max-rogers/MTRX3760_Assignment_1/install/share/turtlebot3_simulations/cmake/turtlebot3_simulationsConfig-version.cmake
[0.798s] -- Installing: /home/max-rogers/MTRX3760_Assignment_1/install/share/turtlebot3_simulations/package.xml
[0.799s] Invoked command in '/home/max-rogers/MTRX3760_Assignment_1/build/turtlebot3_simulations' returned '0': AMENT_PREFIX_PATH=/home/max-rogers/MTRX3760_Assignment_1/install:${AMENT_PREFIX_PATH} CMAKE_PREFIX_PATH=/home/max-rogers/MTRX3760_Assignment_1/install:/opt/ros/jazzy/opt/gz_sim_vendor:/opt/ros/jazzy/opt/gz_sensors_vendor:/opt/ros/jazzy/opt/gz_physics_vendor:/opt/ros/jazzy/opt/sdformat_vendor:/opt/ros/jazzy/opt/gz_gui_vendor:/opt/ros/jazzy/opt/gz_transport_vendor:/opt/ros/jazzy/opt/gz_rendering_vendor:/opt/ros/jazzy/opt/gz_plugin_vendor:/opt/ros/jazzy/opt/gz_fuel_tools_vendor:/opt/ros/jazzy/opt/gz_msgs_vendor:/opt/ros/jazzy/opt/gz_common_vendor:/opt/ros/jazzy/opt/gz_math_vendor:/opt/ros/jazzy/opt/gz_utils_vendor:/opt/ros/jazzy/opt/gz_tools_vendor:/opt/ros/jazzy/opt/gz_ogre_next_vendor:/opt/ros/jazzy/opt/gz_dartsim_vendor:/opt/ros/jazzy/opt/gz_cmake_vendor:/opt/ros/jazzy DEBUGINFOD_URLS=https://debuginfod.ubuntu.com LD_LIBRARY_PATH=/home/max-rogers/MTRX3760_Assignment_1/install/lib:${LD_LIBRARY_PATH} PYTHONPATH=/home/max-rogers/MTRX3760_Assignment_1/install/lib/python3.12/site-packages:${PYTHONPATH} /usr/bin/cmake --install /home/max-rogers/MTRX3760_Assignment_1/build/turtlebot3_simulations
