[0.387s] Invoking command in '/home/max-rogers/MTRX3760_Assignment_1/build/turtlebot3_fake_node': AMENT_PREFIX_PATH=/home/max-rogers/MTRX3760_Assignment_1/install:${AMENT_PREFIX_PATH} CMAKE_PREFIX_PATH=/home/max-rogers/MTRX3760_Assignment_1/install:/opt/ros/jazzy/opt/gz_sim_vendor:/opt/ros/jazzy/opt/gz_sensors_vendor:/opt/ros/jazzy/opt/gz_physics_vendor:/opt/ros/jazzy/opt/sdformat_vendor:/opt/ros/jazzy/opt/gz_gui_vendor:/opt/ros/jazzy/opt/gz_transport_vendor:/opt/ros/jazzy/opt/gz_rendering_vendor:/opt/ros/jazzy/opt/gz_plugin_vendor:/opt/ros/jazzy/opt/gz_fuel_tools_vendor:/opt/ros/jazzy/opt/gz_msgs_vendor:/opt/ros/jazzy/opt/gz_common_vendor:/opt/ros/jazzy/opt/gz_math_vendor:/opt/ros/jazzy/opt/gz_utils_vendor:/opt/ros/jazzy/opt/gz_tools_vendor:/opt/ros/jazzy/opt/gz_ogre_next_vendor:/opt/ros/jazzy/opt/gz_dartsim_vendor:/opt/ros/jazzy/opt/gz_cmake_vendor:/opt/ros/jazzy DEBUGINFOD_URLS=https://debuginfod.ubuntu.com LD_LIBRARY_PATH=/home/max-rogers/MTRX3760_Assignment_1/install/lib:${LD_LIBRARY_PATH} PYTHONPATH=/home/max-rogers/MTRX3760_Assignment_1/install/lib/python3.12/site-packages:${PYTHONPATH} /usr/bin/cmake /home/max-rogers/MTRX3760_Assignment_1/src/turtlebot3_simulations/turtlebot3_fake_node -DCMAKE_INSTALL_PREFIX=/home/max-rogers/MTRX3760_Assignment_1/install
[0.462s] -- The C compiler identification is GNU 13.3.0
[0.547s] -- The CXX compiler identification is GNU 13.3.0
[0.571s] -- Detecting C compiler ABI info
[0.699s] -- Detecting C compiler ABI info - done
[0.715s] -- Check for working C compiler: /usr/bin/cc - skipped
[0.716s] -- Detecting C compile features
[0.716s] -- Detecting C compile features - done
[0.729s] -- Detecting CXX compiler ABI info
[0.871s] -- Detecting CXX compiler ABI info - done
[0.888s] -- Check for working CXX compiler: /usr/bin/c++ - skipped
[0.888s] -- Detecting CXX compile features
[0.889s] -- Detecting CXX compile features - done
[0.895s] -- Found ament_cmake: 2.5.4 (/opt/ros/jazzy/share/ament_cmake/cmake)
[1.131s] -- Found Python3: /usr/bin/python3 (found version "3.12.3") found components: Interpreter 
[1.328s] -- Found geometry_msgs: 5.3.6 (/opt/ros/jazzy/share/geometry_msgs/cmake)
[1.422s] -- Found rosidl_generator_c: 4.6.5 (/opt/ros/jazzy/share/rosidl_generator_c/cmake)
[1.454s] -- Found rosidl_generator_cpp: 4.6.5 (/opt/ros/jazzy/share/rosidl_generator_cpp/cmake)
[1.489s] -- Using all available rosidl_typesupport_c: rosidl_typesupport_fastrtps_c;rosidl_typesupport_introspection_c
[1.529s] -- Using all available rosidl_typesupport_cpp: rosidl_typesupport_fastrtps_cpp;rosidl_typesupport_introspection_cpp
[1.620s] -- Found nav_msgs: 5.3.6 (/opt/ros/jazzy/share/nav_msgs/cmake)
[1.694s] -- Found rclcpp: 28.1.10 (/opt/ros/jazzy/share/rclcpp/cmake)
[1.795s] -- Found rmw_implementation_cmake: 7.3.2 (/opt/ros/jazzy/share/rmw_implementation_cmake/cmake)
[1.804s] -- Found rmw_fastrtps_cpp: 8.4.2 (/opt/ros/jazzy/share/rmw_fastrtps_cpp/cmake)
[1.945s] -- Found OpenSSL: /usr/lib/x86_64-linux-gnu/libcrypto.so (found version "3.0.13")  
[1.972s] -- Found FastRTPS: /opt/ros/jazzy/include (Required is at least version "2.13") 
[1.995s] -- Using RMW implementation 'rmw_fastrtps_cpp' as default
[2.120s] -- Found sensor_msgs: 5.3.6 (/opt/ros/jazzy/share/sensor_msgs/cmake)
[2.157s] -- Found tf2: 0.36.12 (/opt/ros/jazzy/share/tf2/cmake)
[2.164s] -- Found tf2_msgs: 0.36.12 (/opt/ros/jazzy/share/tf2_msgs/cmake)
[2.225s] -- Found turtlebot3_msgs: 2.4.0 (/home/max-rogers/MTRX3760_Assignment_1/install/share/turtlebot3_msgs/cmake)
[2.396s] -- Configuring done (2.0s)
[2.444s] -- Generating done (0.0s)
[2.459s] -- Build files have been written to: /home/max-rogers/MTRX3760_Assignment_1/build/turtlebot3_fake_node
[2.495s] Invoked command in '/home/max-rogers/MTRX3760_Assignment_1/build/turtlebot3_fake_node' returned '0': AMENT_PREFIX_PATH=/home/max-rogers/MTRX3760_Assignment_1/install:${AMENT_PREFIX_PATH} CMAKE_PREFIX_PATH=/home/max-rogers/MTRX3760_Assignment_1/install:/opt/ros/jazzy/opt/gz_sim_vendor:/opt/ros/jazzy/opt/gz_sensors_vendor:/opt/ros/jazzy/opt/gz_physics_vendor:/opt/ros/jazzy/opt/sdformat_vendor:/opt/ros/jazzy/opt/gz_gui_vendor:/opt/ros/jazzy/opt/gz_transport_vendor:/opt/ros/jazzy/opt/gz_rendering_vendor:/opt/ros/jazzy/opt/gz_plugin_vendor:/opt/ros/jazzy/opt/gz_fuel_tools_vendor:/opt/ros/jazzy/opt/gz_msgs_vendor:/opt/ros/jazzy/opt/gz_common_vendor:/opt/ros/jazzy/opt/gz_math_vendor:/opt/ros/jazzy/opt/gz_utils_vendor:/opt/ros/jazzy/opt/gz_tools_vendor:/opt/ros/jazzy/opt/gz_ogre_next_vendor:/opt/ros/jazzy/opt/gz_dartsim_vendor:/opt/ros/jazzy/opt/gz_cmake_vendor:/opt/ros/jazzy DEBUGINFOD_URLS=https://debuginfod.ubuntu.com LD_LIBRARY_PATH=/home/max-rogers/MTRX3760_Assignment_1/install/lib:${LD_LIBRARY_PATH} PYTHONPATH=/home/max-rogers/MTRX3760_Assignment_1/install/lib/python3.12/site-packages:${PYTHONPATH} /usr/bin/cmake /home/max-rogers/MTRX3760_Assignment_1/src/turtlebot3_simulations/turtlebot3_fake_node -DCMAKE_INSTALL_PREFIX=/home/max-rogers/MTRX3760_Assignment_1/install
[2.496s] Invoking command in '/home/max-rogers/MTRX3760_Assignment_1/build/turtlebot3_fake_node': AMENT_PREFIX_PATH=/home/max-rogers/MTRX3760_Assignment_1/install:${AMENT_PREFIX_PATH} CMAKE_PREFIX_PATH=/home/max-rogers/MTRX3760_Assignment_1/install:/opt/ros/jazzy/opt/gz_sim_vendor:/opt/ros/jazzy/opt/gz_sensors_vendor:/opt/ros/jazzy/opt/gz_physics_vendor:/opt/ros/jazzy/opt/sdformat_vendor:/opt/ros/jazzy/opt/gz_gui_vendor:/opt/ros/jazzy/opt/gz_transport_vendor:/opt/ros/jazzy/opt/gz_rendering_vendor:/opt/ros/jazzy/opt/gz_plugin_vendor:/opt/ros/jazzy/opt/gz_fuel_tools_vendor:/opt/ros/jazzy/opt/gz_msgs_vendor:/opt/ros/jazzy/opt/gz_common_vendor:/opt/ros/jazzy/opt/gz_math_vendor:/opt/ros/jazzy/opt/gz_utils_vendor:/opt/ros/jazzy/opt/gz_tools_vendor:/opt/ros/jazzy/opt/gz_ogre_next_vendor:/opt/ros/jazzy/opt/gz_dartsim_vendor:/opt/ros/jazzy/opt/gz_cmake_vendor:/opt/ros/jazzy DEBUGINFOD_URLS=https://debuginfod.ubuntu.com LD_LIBRARY_PATH=/home/max-rogers/MTRX3760_Assignment_1/install/lib:${LD_LIBRARY_PATH} PYTHONPATH=/home/max-rogers/MTRX3760_Assignment_1/install/lib/python3.12/site-packages:${PYTHONPATH} /usr/bin/cmake --build /home/max-rogers/MTRX3760_Assignment_1/build/turtlebot3_fake_node -- -j8 -l8
[2.662s] [ 50%] [32mBuilding CXX object CMakeFiles/turtlebot3_fake_node.dir/src/turtlebot3_fake_node.cpp.o[0m
[17.939s] [100%] [32m[1mLinking CXX executable turtlebot3_fake_node[0m
[18.333s] [100%] Built target turtlebot3_fake_node
[18.344s] Invoked command in '/home/max-rogers/MTRX3760_Assignment_1/build/turtlebot3_fake_node' returned '0': AMENT_PREFIX_PATH=/home/max-rogers/MTRX3760_Assignment_1/install:${AMENT_PREFIX_PATH} CMAKE_PREFIX_PATH=/home/max-rogers/MTRX3760_Assignment_1/install:/opt/ros/jazzy/opt/gz_sim_vendor:/opt/ros/jazzy/opt/gz_sensors_vendor:/opt/ros/jazzy/opt/gz_physics_vendor:/opt/ros/jazzy/opt/sdformat_vendor:/opt/ros/jazzy/opt/gz_gui_vendor:/opt/ros/jazzy/opt/gz_transport_vendor:/opt/ros/jazzy/opt/gz_rendering_vendor:/opt/ros/jazzy/opt/gz_plugin_vendor:/opt/ros/jazzy/opt/gz_fuel_tools_vendor:/opt/ros/jazzy/opt/gz_msgs_vendor:/opt/ros/jazzy/opt/gz_common_vendor:/opt/ros/jazzy/opt/gz_math_vendor:/opt/ros/jazzy/opt/gz_utils_vendor:/opt/ros/jazzy/opt/gz_tools_vendor:/opt/ros/jazzy/opt/gz_ogre_next_vendor:/opt/ros/jazzy/opt/gz_dartsim_vendor:/opt/ros/jazzy/opt/gz_cmake_vendor:/opt/ros/jazzy DEBUGINFOD_URLS=https://debuginfod.ubuntu.com LD_LIBRARY_PATH=/home/max-rogers/MTRX3760_Assignment_1/install/lib:${LD_LIBRARY_PATH} PYTHONPATH=/home/max-rogers/MTRX3760_Assignment_1/install/lib/python3.12/site-packages:${PYTHONPATH} /usr/bin/cmake --build /home/max-rogers/MTRX3760_Assignment_1/build/turtlebot3_fake_node -- -j8 -l8
[18.346s] Invoking command in '/home/max-rogers/MTRX3760_Assignment_1/build/turtlebot3_fake_node': AMENT_PREFIX_PATH=/home/max-rogers/MTRX3760_Assignment_1/install:${AMENT_PREFIX_PATH} CMAKE_PREFIX_PATH=/home/max-rogers/MTRX3760_Assignment_1/install:/opt/ros/jazzy/opt/gz_sim_vendor:/opt/ros/jazzy/opt/gz_sensors_vendor:/opt/ros/jazzy/opt/gz_physics_vendor:/opt/ros/jazzy/opt/sdformat_vendor:/opt/ros/jazzy/opt/gz_gui_vendor:/opt/ros/jazzy/opt/gz_transport_vendor:/opt/ros/jazzy/opt/gz_rendering_vendor:/opt/ros/jazzy/opt/gz_plugin_vendor:/opt/ros/jazzy/opt/gz_fuel_tools_vendor:/opt/ros/jazzy/opt/gz_msgs_vendor:/opt/ros/jazzy/opt/gz_common_vendor:/opt/ros/jazzy/opt/gz_math_vendor:/opt/ros/jazzy/opt/gz_utils_vendor:/opt/ros/jazzy/opt/gz_tools_vendor:/opt/ros/jazzy/opt/gz_ogre_next_vendor:/opt/ros/jazzy/opt/gz_dartsim_vendor:/opt/ros/jazzy/opt/gz_cmake_vendor:/opt/ros/jazzy DEBUGINFOD_URLS=https://debuginfod.ubuntu.com LD_LIBRARY_PATH=/home/max-rogers/MTRX3760_Assignment_1/install/lib:${LD_LIBRARY_PATH} PYTHONPATH=/home/max-rogers/MTRX3760_Assignment_1/install/lib/python3.12/site-packages:${PYTHONPATH} /usr/bin/cmake --install /home/max-rogers/MTRX3760_Assignment_1/build/turtlebot3_fake_node
[18.354s] -- Install configuration: ""
[18.354s] -- Installing: /home/max-rogers/MTRX3760_Assignment_1/install/lib/turtlebot3_fake_node/turtlebot3_fake_node
[18.358s] -- Set non-toolchain portion of runtime path of "/home/max-rogers/MTRX3760_Assignment_1/install/lib/turtlebot3_fake_node/turtlebot3_fake_node" to ""
[18.358s] -- Installing: /home/max-rogers/MTRX3760_Assignment_1/install/share/turtlebot3_fake_node/launch
[18.358s] -- Installing: /home/max-rogers/MTRX3760_Assignment_1/install/share/turtlebot3_fake_node/launch/turtlebot3_fake_node.launch.py
[18.358s] -- Installing: /home/max-rogers/MTRX3760_Assignment_1/install/share/turtlebot3_fake_node/launch/rviz2.launch.py
[18.358s] -- Installing: /home/max-rogers/MTRX3760_Assignment_1/install/share/turtlebot3_fake_node/param
[18.359s] -- Installing: /home/max-rogers/MTRX3760_Assignment_1/install/share/turtlebot3_fake_node/param/waffle_pi.yaml
[18.359s] -- Installing: /home/max-rogers/MTRX3760_Assignment_1/install/share/turtlebot3_fake_node/param/burger.yaml
[18.359s] -- Installing: /home/max-rogers/MTRX3760_Assignment_1/install/share/turtlebot3_fake_node/param/waffle.yaml
[18.359s] -- Up-to-date: /home/max-rogers/MTRX3760_Assignment_1/install/include/
[18.359s] -- Installing: /home/max-rogers/MTRX3760_Assignment_1/install/include//turtlebot3_fake_node
[18.360s] -- Installing: /home/max-rogers/MTRX3760_Assignment_1/install/include//turtlebot3_fake_node/turtlebot3_fake_node.hpp
[18.360s] -- Installing: /home/max-rogers/MTRX3760_Assignment_1/install/share/ament_index/resource_index/package_run_dependencies/turtlebot3_fake_node
[18.360s] -- Installing: /home/max-rogers/MTRX3760_Assignment_1/install/share/ament_index/resource_index/parent_prefix_path/turtlebot3_fake_node
[18.360s] -- Installing: /home/max-rogers/MTRX3760_Assignment_1/install/share/turtlebot3_fake_node/environment/ament_prefix_path.sh
[18.360s] -- Installing: /home/max-rogers/MTRX3760_Assignment_1/install/share/turtlebot3_fake_node/environment/ament_prefix_path.dsv
[18.360s] -- Installing: /home/max-rogers/MTRX3760_Assignment_1/install/share/turtlebot3_fake_node/environment/path.sh
[18.361s] -- Installing: /home/max-rogers/MTRX3760_Assignment_1/install/share/turtlebot3_fake_node/environment/path.dsv
[18.361s] -- Installing: /home/max-rogers/MTRX3760_Assignment_1/install/share/turtlebot3_fake_node/local_setup.bash
[18.361s] -- Installing: /home/max-rogers/MTRX3760_Assignment_1/install/share/turtlebot3_fake_node/local_setup.sh
[18.361s] -- Installing: /home/max-rogers/MTRX3760_Assignment_1/install/share/turtlebot3_fake_node/local_setup.zsh
[18.361s] -- Installing: /home/max-rogers/MTRX3760_Assignment_1/install/share/turtlebot3_fake_node/local_setup.dsv
[18.361s] -- Installing: /home/max-rogers/MTRX3760_Assignment_1/install/share/turtlebot3_fake_node/package.dsv
[18.361s] -- Installing: /home/max-rogers/MTRX3760_Assignment_1/install/share/ament_index/resource_index/packages/turtlebot3_fake_node
[18.362s] -- Installing: /home/max-rogers/MTRX3760_Assignment_1/install/share/turtlebot3_fake_node/cmake/ament_cmake_export_include_directories-extras.cmake
[18.362s] -- Installing: /home/max-rogers/MTRX3760_Assignment_1/install/share/turtlebot3_fake_node/cmake/ament_cmake_export_dependencies-extras.cmake
[18.362s] -- Installing: /home/max-rogers/MTRX3760_Assignment_1/install/share/turtlebot3_fake_node/cmake/turtlebot3_fake_nodeConfig.cmake
[18.362s] -- Installing: /home/max-rogers/MTRX3760_Assignment_1/install/share/turtlebot3_fake_node/cmake/turtlebot3_fake_nodeConfig-version.cmake
[18.362s] -- Installing: /home/max-rogers/MTRX3760_Assignment_1/install/share/turtlebot3_fake_node/package.xml
[18.363s] Invoked command in '/home/max-rogers/MTRX3760_Assignment_1/build/turtlebot3_fake_node' returned '0': AMENT_PREFIX_PATH=/home/max-rogers/MTRX3760_Assignment_1/install:${AMENT_PREFIX_PATH} CMAKE_PREFIX_PATH=/home/max-rogers/MTRX3760_Assignment_1/install:/opt/ros/jazzy/opt/gz_sim_vendor:/opt/ros/jazzy/opt/gz_sensors_vendor:/opt/ros/jazzy/opt/gz_physics_vendor:/opt/ros/jazzy/opt/sdformat_vendor:/opt/ros/jazzy/opt/gz_gui_vendor:/opt/ros/jazzy/opt/gz_transport_vendor:/opt/ros/jazzy/opt/gz_rendering_vendor:/opt/ros/jazzy/opt/gz_plugin_vendor:/opt/ros/jazzy/opt/gz_fuel_tools_vendor:/opt/ros/jazzy/opt/gz_msgs_vendor:/opt/ros/jazzy/opt/gz_common_vendor:/opt/ros/jazzy/opt/gz_math_vendor:/opt/ros/jazzy/opt/gz_utils_vendor:/opt/ros/jazzy/opt/gz_tools_vendor:/opt/ros/jazzy/opt/gz_ogre_next_vendor:/opt/ros/jazzy/opt/gz_dartsim_vendor:/opt/ros/jazzy/opt/gz_cmake_vendor:/opt/ros/jazzy DEBUGINFOD_URLS=https://debuginfod.ubuntu.com LD_LIBRARY_PATH=/home/max-rogers/MTRX3760_Assignment_1/install/lib:${LD_LIBRARY_PATH} PYTHONPATH=/home/max-rogers/MTRX3760_Assignment_1/install/lib/python3.12/site-packages:${PYTHONPATH} /usr/bin/cmake --install /home/max-rogers/MTRX3760_Assignment_1/build/turtlebot3_fake_node
