[0.016s] Invoking command in '/home/max-rogers/MTRX3760_Assignment_1/build/turtlebot3_navigation2': CMAKE_PREFIX_PATH=${CMAKE_PREFIX_PATH}:/opt/ros/jazzy DEBUGINFOD_URLS=https://debuginfod.ubuntu.com /usr/bin/cmake /home/max-rogers/MTRX3760_Assignment_1/src/turtlebot3/turtlebot3_navigation2 -DCMAKE_INSTALL_PREFIX=/home/max-rogers/MTRX3760_Assignment_1/install
[1.130s] -- The C compiler identification is GNU 13.3.0
[1.130s] -- The CXX compiler identification is GNU 13.3.0
[1.130s] -- Detecting C compiler ABI info
[1.130s] -- Detecting C compiler ABI info - done
[1.130s] -- Check for working C compiler: /usr/bin/cc - skipped
[1.130s] -- Detecting C compile features
[1.130s] -- Detecting C compile features - done
[1.130s] -- Detecting CXX compiler ABI info
[1.130s] -- Detecting CXX compiler ABI info - done
[1.130s] -- Check for working CXX compiler: /usr/bin/c++ - skipped
[1.130s] -- Detecting CXX compile features
[1.130s] -- Detecting CXX compile features - done
[1.130s] -- Found ament_cmake: 2.5.4 (/opt/ros/jazzy/share/ament_cmake/cmake)
[1.131s] -- Found Python3: /usr/bin/python3 (found version "3.12.3") found components: Interpreter 
[1.131s] -- Configuring done (1.1s)
[1.131s] -- Generating done (0.0s)
[1.131s] -- Build files have been written to: /home/max-rogers/MTRX3760_Assignment_1/build/turtlebot3_navigation2
[1.134s] Invoked command in '/home/max-rogers/MTRX3760_Assignment_1/build/turtlebot3_navigation2' returned '0': CMAKE_PREFIX_PATH=${CMAKE_PREFIX_PATH}:/opt/ros/jazzy DEBUGINFOD_URLS=https://debuginfod.ubuntu.com /usr/bin/cmake /home/max-rogers/MTRX3760_Assignment_1/src/turtlebot3/turtlebot3_navigation2 -DCMAKE_INSTALL_PREFIX=/home/max-rogers/MTRX3760_Assignment_1/install
[1.134s] Invoking command in '/home/max-rogers/MTRX3760_Assignment_1/build/turtlebot3_navigation2': CMAKE_PREFIX_PATH=${CMAKE_PREFIX_PATH}:/opt/ros/jazzy DEBUGINFOD_URLS=https://debuginfod.ubuntu.com /usr/bin/cmake --build /home/max-rogers/MTRX3760_Assignment_1/build/turtlebot3_navigation2 -- -j8 -l8
[1.191s] Invoked command in '/home/max-rogers/MTRX3760_Assignment_1/build/turtlebot3_navigation2' returned '0': CMAKE_PREFIX_PATH=${CMAKE_PREFIX_PATH}:/opt/ros/jazzy DEBUGINFOD_URLS=https://debuginfod.ubuntu.com /usr/bin/cmake --build /home/max-rogers/MTRX3760_Assignment_1/build/turtlebot3_navigation2 -- -j8 -l8
[1.192s] Invoking command in '/home/max-rogers/MTRX3760_Assignment_1/build/turtlebot3_navigation2': CMAKE_PREFIX_PATH=${CMAKE_PREFIX_PATH}:/opt/ros/jazzy DEBUGINFOD_URLS=https://debuginfod.ubuntu.com /usr/bin/cmake --install /home/max-rogers/MTRX3760_Assignment_1/build/turtlebot3_navigation2
[1.204s] -- Install configuration: ""
[1.205s] -- Installing: /home/max-rogers/MTRX3760_Assignment_1/install/share/turtlebot3_navigation2/launch
[1.205s] -- Installing: /home/max-rogers/MTRX3760_Assignment_1/install/share/turtlebot3_navigation2/launch/navigation2.launch.py
[1.205s] -- Installing: /home/max-rogers/MTRX3760_Assignment_1/install/share/turtlebot3_navigation2/map
[1.206s] -- Installing: /home/max-rogers/MTRX3760_Assignment_1/install/share/turtlebot3_navigation2/map/map.pgm
[1.206s] -- Installing: /home/max-rogers/MTRX3760_Assignment_1/install/share/turtlebot3_navigation2/map/map.yaml
[1.206s] -- Installing: /home/max-rogers/MTRX3760_Assignment_1/install/share/turtlebot3_navigation2/param
[1.206s] -- Installing: /home/max-rogers/MTRX3760_Assignment_1/install/share/turtlebot3_navigation2/param/waffle_pi.yaml
[1.206s] -- Installing: /home/max-rogers/MTRX3760_Assignment_1/install/share/turtlebot3_navigation2/param/humble
[1.206s] -- Installing: /home/max-rogers/MTRX3760_Assignment_1/install/share/turtlebot3_navigation2/param/humble/waffle_pi.yaml
[1.207s] -- Installing: /home/max-rogers/MTRX3760_Assignment_1/install/share/turtlebot3_navigation2/param/humble/burger.yaml
[1.207s] -- Installing: /home/max-rogers/MTRX3760_Assignment_1/install/share/turtlebot3_navigation2/param/humble/burger_cam.yaml
[1.207s] -- Installing: /home/max-rogers/MTRX3760_Assignment_1/install/share/turtlebot3_navigation2/param/humble/waffle.yaml
[1.207s] -- Installing: /home/max-rogers/MTRX3760_Assignment_1/install/share/turtlebot3_navigation2/param/burger.yaml
[1.208s] -- Installing: /home/max-rogers/MTRX3760_Assignment_1/install/share/turtlebot3_navigation2/param/burger_cam.yaml
[1.208s] -- Installing: /home/max-rogers/MTRX3760_Assignment_1/install/share/turtlebot3_navigation2/param/waffle.yaml
[1.208s] -- Installing: /home/max-rogers/MTRX3760_Assignment_1/install/share/turtlebot3_navigation2/rviz
[1.208s] -- Installing: /home/max-rogers/MTRX3760_Assignment_1/install/share/turtlebot3_navigation2/rviz/tb3_navigation2.rviz
[1.209s] -- Installing: /home/max-rogers/MTRX3760_Assignment_1/install/share/ament_index/resource_index/package_run_dependencies/turtlebot3_navigation2
[1.209s] -- Installing: /home/max-rogers/MTRX3760_Assignment_1/install/share/ament_index/resource_index/parent_prefix_path/turtlebot3_navigation2
[1.209s] -- Installing: /home/max-rogers/MTRX3760_Assignment_1/install/share/turtlebot3_navigation2/environment/ament_prefix_path.sh
[1.209s] -- Installing: /home/max-rogers/MTRX3760_Assignment_1/install/share/turtlebot3_navigation2/environment/ament_prefix_path.dsv
[1.209s] -- Installing: /home/max-rogers/MTRX3760_Assignment_1/install/share/turtlebot3_navigation2/environment/path.sh
[1.209s] -- Installing: /home/max-rogers/MTRX3760_Assignment_1/install/share/turtlebot3_navigation2/environment/path.dsv
[1.210s] -- Installing: /home/max-rogers/MTRX3760_Assignment_1/install/share/turtlebot3_navigation2/local_setup.bash
[1.210s] -- Installing: /home/max-rogers/MTRX3760_Assignment_1/install/share/turtlebot3_navigation2/local_setup.sh
[1.210s] -- Installing: /home/max-rogers/MTRX3760_Assignment_1/install/share/turtlebot3_navigation2/local_setup.zsh
[1.210s] -- Installing: /home/max-rogers/MTRX3760_Assignment_1/install/share/turtlebot3_navigation2/local_setup.dsv
[1.211s] -- Installing: /home/max-rogers/MTRX3760_Assignment_1/install/share/turtlebot3_navigation2/package.dsv
[1.211s] -- Installing: /home/max-rogers/MTRX3760_Assignment_1/install/share/ament_index/resource_index/packages/turtlebot3_navigation2
[1.211s] -- Installing: /home/max-rogers/MTRX3760_Assignment_1/install/share/turtlebot3_navigation2/cmake/turtlebot3_navigation2Config.cmake
[1.211s] -- Installing: /home/max-rogers/MTRX3760_Assignment_1/install/share/turtlebot3_navigation2/cmake/turtlebot3_navigation2Config-version.cmake
[1.211s] -- Installing: /home/max-rogers/MTRX3760_Assignment_1/install/share/turtlebot3_navigation2/package.xml
[1.241s] Invoked command in '/home/max-rogers/MTRX3760_Assignment_1/build/turtlebot3_navigation2' returned '0': CMAKE_PREFIX_PATH=${CMAKE_PREFIX_PATH}:/opt/ros/jazzy DEBUGINFOD_URLS=https://debuginfod.ubuntu.com /usr/bin/cmake --install /home/max-rogers/MTRX3760_Assignment_1/build/turtlebot3_navigation2
