[1.193s] Invoking command in '/home/max-rogers/MTRX3760_Assignment_1/src/turtlebot3/turtlebot3_teleop': DEBUGINFOD_URLS=https://debuginfod.ubuntu.com PYTHONPATH=/home/max-rogers/MTRX3760_Assignment_1/build/turtlebot3_teleop/prefix_override:/usr/lib/python3/dist-packages/colcon_core/task/python/colcon_distutils_commands:/home/max-rogers/MTRX3760_Assignment_1/install/lib/python3.12/site-packages:${PYTHONPATH} /usr/bin/python3 -W ignore:setup.py install is deprecated -W ignore:easy_install command is deprecated setup.py egg_info --egg-base ../../../build/turtlebot3_teleop build --build-base /home/max-rogers/MTRX3760_Assignment_1/build/turtlebot3_teleop/build install --record /home/max-rogers/MTRX3760_Assignment_1/build/turtlebot3_teleop/install.log --single-version-externally-managed install_data
[1.599s] running egg_info
[1.601s] creating ../../../build/turtlebot3_teleop/turtlebot3_teleop.egg-info
[1.630s] writing ../../../build/turtlebot3_teleop/turtlebot3_teleop.egg-info/PKG-INFO
[1.631s] writing dependency_links to ../../../build/turtlebot3_teleop/turtlebot3_teleop.egg-info/dependency_links.txt
[1.631s] writing entry points to ../../../build/turtlebot3_teleop/turtlebot3_teleop.egg-info/entry_points.txt
[1.631s] writing requirements to ../../../build/turtlebot3_teleop/turtlebot3_teleop.egg-info/requires.txt
[1.632s] writing top-level names to ../../../build/turtlebot3_teleop/turtlebot3_teleop.egg-info/top_level.txt
[1.632s] writing manifest file '../../../build/turtlebot3_teleop/turtlebot3_teleop.egg-info/SOURCES.txt'
[1.698s] reading manifest file '../../../build/turtlebot3_teleop/turtlebot3_teleop.egg-info/SOURCES.txt'
[1.699s] writing manifest file '../../../build/turtlebot3_teleop/turtlebot3_teleop.egg-info/SOURCES.txt'
[1.699s] running build
[1.699s] running build_py
[1.700s] creating /home/max-rogers/MTRX3760_Assignment_1/build/turtlebot3_teleop/build
[1.700s] creating /home/max-rogers/MTRX3760_Assignment_1/build/turtlebot3_teleop/build/lib
[1.700s] creating /home/max-rogers/MTRX3760_Assignment_1/build/turtlebot3_teleop/build/lib/turtlebot3_teleop
[1.701s] copying turtlebot3_teleop/__init__.py -> /home/max-rogers/MTRX3760_Assignment_1/build/turtlebot3_teleop/build/lib/turtlebot3_teleop
[1.701s] creating /home/max-rogers/MTRX3760_Assignment_1/build/turtlebot3_teleop/build/lib/turtlebot3_teleop/script
[1.701s] copying turtlebot3_teleop/script/teleop_keyboard.py -> /home/max-rogers/MTRX3760_Assignment_1/build/turtlebot3_teleop/build/lib/turtlebot3_teleop/script
[1.709s] copying turtlebot3_teleop/script/__init__.py -> /home/max-rogers/MTRX3760_Assignment_1/build/turtlebot3_teleop/build/lib/turtlebot3_teleop/script
[1.709s] running install
[1.724s] running install_lib
[1.793s] creating /home/max-rogers/MTRX3760_Assignment_1/install/lib/python3.12/site-packages/turtlebot3_teleop
[1.793s] creating /home/max-rogers/MTRX3760_Assignment_1/install/lib/python3.12/site-packages/turtlebot3_teleop/script
[1.793s] copying /home/max-rogers/MTRX3760_Assignment_1/build/turtlebot3_teleop/build/lib/turtlebot3_teleop/script/teleop_keyboard.py -> /home/max-rogers/MTRX3760_Assignment_1/install/lib/python3.12/site-packages/turtlebot3_teleop/script
[1.793s] copying /home/max-rogers/MTRX3760_Assignment_1/build/turtlebot3_teleop/build/lib/turtlebot3_teleop/script/__init__.py -> /home/max-rogers/MTRX3760_Assignment_1/install/lib/python3.12/site-packages/turtlebot3_teleop/script
[1.795s] copying /home/max-rogers/MTRX3760_Assignment_1/build/turtlebot3_teleop/build/lib/turtlebot3_teleop/__init__.py -> /home/max-rogers/MTRX3760_Assignment_1/install/lib/python3.12/site-packages/turtlebot3_teleop
[1.800s] byte-compiling /home/max-rogers/MTRX3760_Assignment_1/install/lib/python3.12/site-packages/turtlebot3_teleop/script/teleop_keyboard.py to teleop_keyboard.cpython-312.pyc
[1.804s] byte-compiling /home/max-rogers/MTRX3760_Assignment_1/install/lib/python3.12/site-packages/turtlebot3_teleop/script/__init__.py to __init__.cpython-312.pyc
[1.804s] byte-compiling /home/max-rogers/MTRX3760_Assignment_1/install/lib/python3.12/site-packages/turtlebot3_teleop/__init__.py to __init__.cpython-312.pyc
[1.805s] running install_data
[1.805s] copying resource/turtlebot3_teleop -> /home/max-rogers/MTRX3760_Assignment_1/install/share/ament_index/resource_index/packages
[1.805s] copying package.xml -> /home/max-rogers/MTRX3760_Assignment_1/install/share/turtlebot3_teleop
[1.805s] running install_egg_info
[1.840s] Copying ../../../build/turtlebot3_teleop/turtlebot3_teleop.egg-info to /home/max-rogers/MTRX3760_Assignment_1/install/lib/python3.12/site-packages/turtlebot3_teleop-2.3.3-py3.12.egg-info
[1.842s] running install_scripts
[2.127s] Installing teleop_keyboard script to /home/max-rogers/MTRX3760_Assignment_1/install/lib/turtlebot3_teleop
[2.127s] writing list of installed files to '/home/max-rogers/MTRX3760_Assignment_1/build/turtlebot3_teleop/install.log'
[2.180s] Invoked command in '/home/max-rogers/MTRX3760_Assignment_1/src/turtlebot3/turtlebot3_teleop' returned '0': DEBUGINFOD_URLS=https://debuginfod.ubuntu.com PYTHONPATH=/home/max-rogers/MTRX3760_Assignment_1/build/turtlebot3_teleop/prefix_override:/usr/lib/python3/dist-packages/colcon_core/task/python/colcon_distutils_commands:/home/max-rogers/MTRX3760_Assignment_1/install/lib/python3.12/site-packages:${PYTHONPATH} /usr/bin/python3 -W ignore:setup.py install is deprecated -W ignore:easy_install command is deprecated setup.py egg_info --egg-base ../../../build/turtlebot3_teleop build --build-base /home/max-rogers/MTRX3760_Assignment_1/build/turtlebot3_teleop/build install --record /home/max-rogers/MTRX3760_Assignment_1/build/turtlebot3_teleop/install.log --single-version-externally-managed install_data
