[0.022s] Invoking command in '/home/max-rogers/MTRX3760_Assignment_1/build/dynamixel_sdk': CMAKE_PREFIX_PATH=${CMAKE_PREFIX_PATH}:/opt/ros/jazzy DEBUGINFOD_URLS=https://debuginfod.ubuntu.com /usr/bin/cmake /home/max-rogers/MTRX3760_Assignment_1/src/DynamixelSDK/ros/dynamixel_sdk -DCMAKE_INSTALL_PREFIX=/home/max-rogers/MTRX3760_Assignment_1/install
[0.211s] -- The C compiler identification is GNU 13.3.0
[0.352s] -- The CXX compiler identification is GNU 13.3.0
[0.374s] -- Detecting C compiler ABI info
[0.490s] -- Detecting C compiler ABI info - done
[0.507s] -- Check for working C compiler: /usr/bin/cc - skipped
[0.509s] -- Detecting C compile features
[0.509s] -- Detecting C compile features - done
[0.516s] -- Detecting CXX compiler ABI info
[0.630s] -- Detecting CXX compiler ABI info - done
[0.641s] -- Check for working CXX compiler: /usr/bin/c++ - skipped
[0.642s] -- Detecting CXX compile features
[0.642s] -- Detecting CXX compile features - done
[0.648s] -- Found ament_cmake: 2.5.4 (/opt/ros/jazzy/share/ament_cmake/cmake)
[0.843s] -- Found Python3: /usr/bin/python3 (found version "3.12.3") found components: Interpreter 
[1.271s] -- Configuring done (1.2s)
[1.281s] -- Generating done (0.0s)
[1.283s] -- Build files have been written to: /home/max-rogers/MTRX3760_Assignment_1/build/dynamixel_sdk
[1.292s] Invoked command in '/home/max-rogers/MTRX3760_Assignment_1/build/dynamixel_sdk' returned '0': CMAKE_PREFIX_PATH=${CMAKE_PREFIX_PATH}:/opt/ros/jazzy DEBUGINFOD_URLS=https://debuginfod.ubuntu.com /usr/bin/cmake /home/max-rogers/MTRX3760_Assignment_1/src/DynamixelSDK/ros/dynamixel_sdk -DCMAKE_INSTALL_PREFIX=/home/max-rogers/MTRX3760_Assignment_1/install
[1.292s] Invoking command in '/home/max-rogers/MTRX3760_Assignment_1/build/dynamixel_sdk': CMAKE_PREFIX_PATH=${CMAKE_PREFIX_PATH}:/opt/ros/jazzy DEBUGINFOD_URLS=https://debuginfod.ubuntu.com /usr/bin/cmake --build /home/max-rogers/MTRX3760_Assignment_1/build/dynamixel_sdk -- -j8 -l8
[2.186s] [  7%] [32mBuilding CXX object CMakeFiles/dynamixel_sdk.dir/src/dynamixel_sdk/protocol1_packet_handler.cpp.o[0m
[2.186s] [ 15%] [32mBuilding CXX object CMakeFiles/dynamixel_sdk.dir/src/dynamixel_sdk/packet_handler.cpp.o[0m
[2.186s] [ 23%] [32mBuilding CXX object CMakeFiles/dynamixel_sdk.dir/src/dynamixel_sdk/protocol2_packet_handler.cpp.o[0m
[2.186s] [ 30%] [32mBuilding CXX object CMakeFiles/dynamixel_sdk.dir/src/dynamixel_sdk/group_sync_read.cpp.o[0m
[2.186s] [ 38%] [32mBuilding CXX object CMakeFiles/dynamixel_sdk.dir/src/dynamixel_sdk/group_sync_write.cpp.o[0m
[2.187s] [ 46%] [32mBuilding CXX object CMakeFiles/dynamixel_sdk.dir/src/dynamixel_sdk/group_bulk_read.cpp.o[0m
[2.187s] [ 53%] [32mBuilding CXX object CMakeFiles/dynamixel_sdk.dir/src/dynamixel_sdk/group_bulk_write.cpp.o[0m
[2.187s] [ 53%] Built target ament_cmake_python_copy_dynamixel_sdk
[2.187s] [ 61%] [32mBuilding CXX object CMakeFiles/dynamixel_sdk.dir/src/dynamixel_sdk/group_fast_bulk_read.cpp.o[0m
[2.187s] [ 69%] [32mBuilding CXX object CMakeFiles/dynamixel_sdk.dir/src/dynamixel_sdk/group_fast_sync_read.cpp.o[0m
[2.187s] [ 76%] [32mBuilding CXX object CMakeFiles/dynamixel_sdk.dir/src/dynamixel_sdk/group_handler.cpp.o[0m
[2.187s] [ 84%] [32mBuilding CXX object CMakeFiles/dynamixel_sdk.dir/src/dynamixel_sdk/port_handler.cpp.o[0m
[2.187s] [ 92%] [32mBuilding CXX object CMakeFiles/dynamixel_sdk.dir/src/dynamixel_sdk/port_handler_linux.cpp.o[0m
[2.317s] [100%] [32m[1mLinking CXX shared library libdynamixel_sdk.so[0m
[2.375s] running egg_info
[2.377s] creating dynamixel_sdk.egg-info
[2.406s] writing dynamixel_sdk.egg-info/PKG-INFO
[2.406s] writing dependency_links to dynamixel_sdk.egg-info/dependency_links.txt
[2.407s] writing top-level names to dynamixel_sdk.egg-info/top_level.txt
[2.407s] writing manifest file 'dynamixel_sdk.egg-info/SOURCES.txt'
[2.426s] [100%] Built target dynamixel_sdk
[2.488s] reading manifest file 'dynamixel_sdk.egg-info/SOURCES.txt'
[2.489s] writing manifest file 'dynamixel_sdk.egg-info/SOURCES.txt'
[2.515s] [100%] Built target ament_cmake_python_build_dynamixel_sdk_egg
[2.528s] Invoked command in '/home/max-rogers/MTRX3760_Assignment_1/build/dynamixel_sdk' returned '0': CMAKE_PREFIX_PATH=${CMAKE_PREFIX_PATH}:/opt/ros/jazzy DEBUGINFOD_URLS=https://debuginfod.ubuntu.com /usr/bin/cmake --build /home/max-rogers/MTRX3760_Assignment_1/build/dynamixel_sdk -- -j8 -l8
[2.536s] Invoking command in '/home/max-rogers/MTRX3760_Assignment_1/build/dynamixel_sdk': CMAKE_PREFIX_PATH=${CMAKE_PREFIX_PATH}:/opt/ros/jazzy DEBUGINFOD_URLS=https://debuginfod.ubuntu.com /usr/bin/cmake --install /home/max-rogers/MTRX3760_Assignment_1/build/dynamixel_sdk
[3.280s] -- Install configuration: ""
[3.280s] -- Installing: /home/max-rogers/MTRX3760_Assignment_1/install/include/
[3.280s] -- Installing: /home/max-rogers/MTRX3760_Assignment_1/install/include//dynamixel_sdk
[3.280s] -- Installing: /home/max-rogers/MTRX3760_Assignment_1/install/include//dynamixel_sdk/port_handler_linux.h
[3.280s] -- Installing: /home/max-rogers/MTRX3760_Assignment_1/install/include//dynamixel_sdk/group_bulk_read.h
[3.281s] -- Installing: /home/max-rogers/MTRX3760_Assignment_1/install/include//dynamixel_sdk/group_bulk_write.h
[3.281s] -- Installing: /home/max-rogers/MTRX3760_Assignment_1/install/include//dynamixel_sdk/port_handler.h
[3.281s] -- Installing: /home/max-rogers/MTRX3760_Assignment_1/install/include//dynamixel_sdk/group_sync_read.h
[3.281s] -- Installing: /home/max-rogers/MTRX3760_Assignment_1/install/include//dynamixel_sdk/packet_handler.h
[3.282s] -- Installing: /home/max-rogers/MTRX3760_Assignment_1/install/include//dynamixel_sdk/group_sync_write.h
[3.282s] -- Installing: /home/max-rogers/MTRX3760_Assignment_1/install/include//dynamixel_sdk/protocol1_packet_handler.h
[3.283s] -- Installing: /home/max-rogers/MTRX3760_Assignment_1/install/include//dynamixel_sdk/dynamixel_sdk.h
[3.283s] -- Installing: /home/max-rogers/MTRX3760_Assignment_1/install/include//dynamixel_sdk/port_handler_windows.h
[3.283s] -- Installing: /home/max-rogers/MTRX3760_Assignment_1/install/include//dynamixel_sdk/group_fast_sync_read.h
[3.284s] -- Installing: /home/max-rogers/MTRX3760_Assignment_1/install/include//dynamixel_sdk/group_handler.h
[3.284s] -- Installing: /home/max-rogers/MTRX3760_Assignment_1/install/include//dynamixel_sdk/group_fast_bulk_read.h
[3.284s] -- Installing: /home/max-rogers/MTRX3760_Assignment_1/install/include//dynamixel_sdk/port_handler_arduino.h
[3.284s] -- Installing: /home/max-rogers/MTRX3760_Assignment_1/install/include//dynamixel_sdk/protocol2_packet_handler.h
[3.284s] -- Installing: /home/max-rogers/MTRX3760_Assignment_1/install/include//dynamixel_sdk/port_handler_mac.h
[3.284s] -- Installing: /home/max-rogers/MTRX3760_Assignment_1/install/lib/libdynamixel_sdk.so
[3.284s] -- Installing: /home/max-rogers/MTRX3760_Assignment_1/install/share/dynamixel_sdk/environment/pythonpath.sh
[3.284s] -- Installing: /home/max-rogers/MTRX3760_Assignment_1/install/share/dynamixel_sdk/environment/pythonpath.dsv
[3.284s] -- Installing: /home/max-rogers/MTRX3760_Assignment_1/install/lib/python3.12/site-packages/dynamixel_sdk-3.8.4-py3.12.egg-info
[3.285s] -- Installing: /home/max-rogers/MTRX3760_Assignment_1/install/lib/python3.12/site-packages/dynamixel_sdk-3.8.4-py3.12.egg-info/top_level.txt
[3.285s] -- Installing: /home/max-rogers/MTRX3760_Assignment_1/install/lib/python3.12/site-packages/dynamixel_sdk-3.8.4-py3.12.egg-info/PKG-INFO
[3.285s] -- Installing: /home/max-rogers/MTRX3760_Assignment_1/install/lib/python3.12/site-packages/dynamixel_sdk-3.8.4-py3.12.egg-info/dependency_links.txt
[3.285s] -- Installing: /home/max-rogers/MTRX3760_Assignment_1/install/lib/python3.12/site-packages/dynamixel_sdk-3.8.4-py3.12.egg-info/SOURCES.txt
[3.285s] -- Installing: /home/max-rogers/MTRX3760_Assignment_1/install/lib/python3.12/site-packages/dynamixel_sdk
[3.285s] -- Installing: /home/max-rogers/MTRX3760_Assignment_1/install/lib/python3.12/site-packages/dynamixel_sdk/packet_handler.py
[3.285s] -- Installing: /home/max-rogers/MTRX3760_Assignment_1/install/lib/python3.12/site-packages/dynamixel_sdk/group_fast_sync_read.cpp
[3.285s] -- Installing: /home/max-rogers/MTRX3760_Assignment_1/install/lib/python3.12/site-packages/dynamixel_sdk/group_bulk_write.cpp
[3.285s] -- Installing: /home/max-rogers/MTRX3760_Assignment_1/install/lib/python3.12/site-packages/dynamixel_sdk/port_handler_windows.cpp
[3.285s] -- Installing: /home/max-rogers/MTRX3760_Assignment_1/install/lib/python3.12/site-packages/dynamixel_sdk/port_handler_mac.cpp
[3.286s] -- Installing: /home/max-rogers/MTRX3760_Assignment_1/install/lib/python3.12/site-packages/dynamixel_sdk/robotis_def.py
[3.286s] -- Installing: /home/max-rogers/MTRX3760_Assignment_1/install/lib/python3.12/site-packages/dynamixel_sdk/protocol2_packet_handler.cpp
[3.286s] -- Installing: /home/max-rogers/MTRX3760_Assignment_1/install/lib/python3.12/site-packages/dynamixel_sdk/group_sync_write.py
[3.286s] -- Installing: /home/max-rogers/MTRX3760_Assignment_1/install/lib/python3.12/site-packages/dynamixel_sdk/packet_handler.cpp
[3.286s] -- Installing: /home/max-rogers/MTRX3760_Assignment_1/install/lib/python3.12/site-packages/dynamixel_sdk/group_bulk_read.cpp
[3.286s] -- Installing: /home/max-rogers/MTRX3760_Assignment_1/install/lib/python3.12/site-packages/dynamixel_sdk/port_handler.cpp
[3.286s] -- Installing: /home/max-rogers/MTRX3760_Assignment_1/install/lib/python3.12/site-packages/dynamixel_sdk/port_handler_arduino.cpp
[3.286s] -- Installing: /home/max-rogers/MTRX3760_Assignment_1/install/lib/python3.12/site-packages/dynamixel_sdk/group_sync_write.cpp
[3.286s] -- Installing: /home/max-rogers/MTRX3760_Assignment_1/install/lib/python3.12/site-packages/dynamixel_sdk/port_handler_linux.cpp
[3.286s] -- Installing: /home/max-rogers/MTRX3760_Assignment_1/install/lib/python3.12/site-packages/dynamixel_sdk/__init__.py
[3.286s] -- Installing: /home/max-rogers/MTRX3760_Assignment_1/install/lib/python3.12/site-packages/dynamixel_sdk/group_sync_read.cpp
[3.287s] -- Installing: /home/max-rogers/MTRX3760_Assignment_1/install/lib/python3.12/site-packages/dynamixel_sdk/group_bulk_read.py
[3.287s] -- Installing: /home/max-rogers/MTRX3760_Assignment_1/install/lib/python3.12/site-packages/dynamixel_sdk/protocol1_packet_handler.py
[3.287s] -- Installing: /home/max-rogers/MTRX3760_Assignment_1/install/lib/python3.12/site-packages/dynamixel_sdk/port_handler.py
[3.287s] -- Installing: /home/max-rogers/MTRX3760_Assignment_1/install/lib/python3.12/site-packages/dynamixel_sdk/group_bulk_write.py
[3.287s] -- Installing: /home/max-rogers/MTRX3760_Assignment_1/install/lib/python3.12/site-packages/dynamixel_sdk/protocol2_packet_handler.py
[3.287s] -- Installing: /home/max-rogers/MTRX3760_Assignment_1/install/lib/python3.12/site-packages/dynamixel_sdk/group_sync_read.py
[3.287s] -- Installing: /home/max-rogers/MTRX3760_Assignment_1/install/lib/python3.12/site-packages/dynamixel_sdk/protocol1_packet_handler.cpp
[3.287s] -- Installing: /home/max-rogers/MTRX3760_Assignment_1/install/lib/python3.12/site-packages/dynamixel_sdk/group_fast_bulk_read.cpp
[3.287s] -- Installing: /home/max-rogers/MTRX3760_Assignment_1/install/lib/python3.12/site-packages/dynamixel_sdk/group_handler.cpp
[3.287s] Listing '/home/max-rogers/MTRX3760_Assignment_1/install/lib/python3.12/site-packages/dynamixel_sdk'...
[3.288s] Compiling '/home/max-rogers/MTRX3760_Assignment_1/install/lib/python3.12/site-packages/dynamixel_sdk/__init__.py'...
[3.288s] Compiling '/home/max-rogers/MTRX3760_Assignment_1/install/lib/python3.12/site-packages/dynamixel_sdk/group_bulk_read.py'...
[3.288s] Compiling '/home/max-rogers/MTRX3760_Assignment_1/install/lib/python3.12/site-packages/dynamixel_sdk/group_bulk_write.py'...
[3.288s] Compiling '/home/max-rogers/MTRX3760_Assignment_1/install/lib/python3.12/site-packages/dynamixel_sdk/group_sync_read.py'...
[3.288s] Compiling '/home/max-rogers/MTRX3760_Assignment_1/install/lib/python3.12/site-packages/dynamixel_sdk/group_sync_write.py'...
[3.288s] Compiling '/home/max-rogers/MTRX3760_Assignment_1/install/lib/python3.12/site-packages/dynamixel_sdk/packet_handler.py'...
[3.288s] Compiling '/home/max-rogers/MTRX3760_Assignment_1/install/lib/python3.12/site-packages/dynamixel_sdk/port_handler.py'...
[3.288s] Compiling '/home/max-rogers/MTRX3760_Assignment_1/install/lib/python3.12/site-packages/dynamixel_sdk/protocol1_packet_handler.py'...
[3.288s] Compiling '/home/max-rogers/MTRX3760_Assignment_1/install/lib/python3.12/site-packages/dynamixel_sdk/protocol2_packet_handler.py'...
[3.288s] Compiling '/home/max-rogers/MTRX3760_Assignment_1/install/lib/python3.12/site-packages/dynamixel_sdk/robotis_def.py'...
[3.288s] -- Installing: /home/max-rogers/MTRX3760_Assignment_1/install/share/dynamixel_sdk/environment/library_path.sh
[3.289s] -- Installing: /home/max-rogers/MTRX3760_Assignment_1/install/share/dynamixel_sdk/environment/library_path.dsv
[3.289s] -- Installing: /home/max-rogers/MTRX3760_Assignment_1/install/share/ament_index/resource_index/package_run_dependencies/dynamixel_sdk
[3.289s] -- Installing: /home/max-rogers/MTRX3760_Assignment_1/install/share/ament_index/resource_index/parent_prefix_path/dynamixel_sdk
[3.289s] -- Installing: /home/max-rogers/MTRX3760_Assignment_1/install/share/dynamixel_sdk/environment/ament_prefix_path.sh
[3.289s] -- Installing: /home/max-rogers/MTRX3760_Assignment_1/install/share/dynamixel_sdk/environment/ament_prefix_path.dsv
[3.289s] -- Installing: /home/max-rogers/MTRX3760_Assignment_1/install/share/dynamixel_sdk/environment/path.sh
[3.289s] -- Installing: /home/max-rogers/MTRX3760_Assignment_1/install/share/dynamixel_sdk/environment/path.dsv
[3.289s] -- Installing: /home/max-rogers/MTRX3760_Assignment_1/install/share/dynamixel_sdk/local_setup.bash
[3.289s] -- Installing: /home/max-rogers/MTRX3760_Assignment_1/install/share/dynamixel_sdk/local_setup.sh
[3.289s] -- Installing: /home/max-rogers/MTRX3760_Assignment_1/install/share/dynamixel_sdk/local_setup.zsh
[3.289s] -- Installing: /home/max-rogers/MTRX3760_Assignment_1/install/share/dynamixel_sdk/local_setup.dsv
[3.290s] -- Installing: /home/max-rogers/MTRX3760_Assignment_1/install/share/dynamixel_sdk/package.dsv
[3.290s] -- Installing: /home/max-rogers/MTRX3760_Assignment_1/install/share/ament_index/resource_index/packages/dynamixel_sdk
[3.290s] -- Installing: /home/max-rogers/MTRX3760_Assignment_1/install/share/dynamixel_sdk/cmake/dynamixel_sdkExport.cmake
[3.290s] -- Installing: /home/max-rogers/MTRX3760_Assignment_1/install/share/dynamixel_sdk/cmake/dynamixel_sdkExport-noconfig.cmake
[3.290s] -- Installing: /home/max-rogers/MTRX3760_Assignment_1/install/share/dynamixel_sdk/cmake/ament_cmake_export_targets-extras.cmake
[3.290s] -- Installing: /home/max-rogers/MTRX3760_Assignment_1/install/share/dynamixel_sdk/cmake/ament_cmake_export_include_directories-extras.cmake
[3.290s] -- Installing: /home/max-rogers/MTRX3760_Assignment_1/install/share/dynamixel_sdk/cmake/ament_cmake_export_libraries-extras.cmake
[3.291s] -- Installing: /home/max-rogers/MTRX3760_Assignment_1/install/share/dynamixel_sdk/cmake/dynamixel_sdkConfig.cmake
[3.291s] -- Installing: /home/max-rogers/MTRX3760_Assignment_1/install/share/dynamixel_sdk/cmake/dynamixel_sdkConfig-version.cmake
[3.291s] -- Installing: /home/max-rogers/MTRX3760_Assignment_1/install/share/dynamixel_sdk/package.xml
[3.292s] Invoked command in '/home/max-rogers/MTRX3760_Assignment_1/build/dynamixel_sdk' returned '0': CMAKE_PREFIX_PATH=${CMAKE_PREFIX_PATH}:/opt/ros/jazzy DEBUGINFOD_URLS=https://debuginfod.ubuntu.com /usr/bin/cmake --install /home/max-rogers/MTRX3760_Assignment_1/build/dynamixel_sdk
