-- The C compiler identification is GNU 13.3.0
-- The CXX compiler identification is GNU 13.3.0
-- Detecting C compiler ABI info
-- Detecting C compiler ABI info - done
-- Check for working C compiler: /usr/bin/cc - skipped
-- Detecting C compile features
-- Detecting C compile features - done
-- Detecting CXX compiler ABI info
-- Detecting CXX compiler ABI info - done
-- Check for working CXX compiler: /usr/bin/c++ - skipped
-- Detecting CXX compile features
-- Detecting CXX compile features - done
-- Found ament_cmake: 2.5.4 (/opt/ros/jazzy/share/ament_cmake/cmake)
-- Found Python3: /usr/bin/python3 (found version "3.12.3") found components: Interpreter 
-- Found rclcpp: 28.1.10 (/opt/ros/jazzy/share/rclcpp/cmake)
-- Found rosidl_generator_c: 4.6.5 (/opt/ros/jazzy/share/rosidl_generator_c/cmake)
-- Found rosidl_generator_cpp: 4.6.5 (/opt/ros/jazzy/share/rosidl_generator_cpp/cmake)
-- Using all available rosidl_typesupport_c: rosidl_typesupport_fastrtps_c;rosidl_typesupport_introspection_c
-- Using all available rosidl_typesupport_cpp: rosidl_typesupport_fastrtps_cpp;rosidl_typesupport_introspection_cpp
-- Found rmw_implementation_cmake: 7.3.2 (/opt/ros/jazzy/share/rmw_implementation_cmake/cmake)
-- Found rmw_fastrtps_cpp: 8.4.2 (/opt/ros/jazzy/share/rmw_fastrtps_cpp/cmake)
-- Found OpenSSL: /usr/lib/x86_64-linux-gnu/libcrypto.so (found version "3.0.13")  
-- Found FastRTPS: /opt/ros/jazzy/include (Required is at least version "2.13") 
-- Using RMW implementation 'rmw_fastrtps_cpp' as default
-- Found geometry_msgs: 5.3.6 (/opt/ros/jazzy/share/geometry_msgs/cmake)
-- Found sensor_msgs: 5.3.6 (/opt/ros/jazzy/share/sensor_msgs/cmake)
-- Found nav_msgs: 5.3.6 (/opt/ros/jazzy/share/nav_msgs/cmake)
-- Found tf2: 0.36.12 (/opt/ros/jazzy/share/tf2/cmake)
-- Configuring done (2.0s)
-- Generating done (0.0s)
-- Build files have been written to: /home/max-rogers/MTRX3760_Assignment_1/build/maze_driver
[ 50%] [32mBuilding CXX object CMakeFiles/maze_driver_node.dir/src/main.cpp.o[0m
[ 75%] [32mBuilding CXX object CMakeFiles/maze_driver_node.dir/src/base_driver.cpp.o[0m
[ 50%] [32mBuilding CXX object CMakeFiles/maze_driver_node.dir/src/right_wall_driver.cpp.o[0m
[100%] [32m[1mLinking CXX executable maze_driver_node[0m
[100%] Built target maze_driver_node
-- Install configuration: ""
-- Installing: /home/max-rogers/MTRX3760_Assignment_1/install/lib/maze_driver/maze_driver_node
-- Set non-toolchain portion of runtime path of "/home/max-rogers/MTRX3760_Assignment_1/install/lib/maze_driver/maze_driver_node" to ""
-- Installing: /home/max-rogers/MTRX3760_Assignment_1/install/share/ament_index/resource_index/package_run_dependencies/maze_driver
-- Installing: /home/max-rogers/MTRX3760_Assignment_1/install/share/ament_index/resource_index/parent_prefix_path/maze_driver
-- Installing: /home/max-rogers/MTRX3760_Assignment_1/install/share/maze_driver/environment/ament_prefix_path.sh
-- Installing: /home/max-rogers/MTRX3760_Assignment_1/install/share/maze_driver/environment/ament_prefix_path.dsv
-- Installing: /home/max-rogers/MTRX3760_Assignment_1/install/share/maze_driver/environment/path.sh
-- Installing: /home/max-rogers/MTRX3760_Assignment_1/install/share/maze_driver/environment/path.dsv
-- Installing: /home/max-rogers/MTRX3760_Assignment_1/install/share/maze_driver/local_setup.bash
-- Installing: /home/max-rogers/MTRX3760_Assignment_1/install/share/maze_driver/local_setup.sh
-- Installing: /home/max-rogers/MTRX3760_Assignment_1/install/share/maze_driver/local_setup.zsh
-- Installing: /home/max-rogers/MTRX3760_Assignment_1/install/share/maze_driver/local_setup.dsv
-- Installing: /home/max-rogers/MTRX3760_Assignment_1/install/share/maze_driver/package.dsv
-- Installing: /home/max-rogers/MTRX3760_Assignment_1/install/share/ament_index/resource_index/packages/maze_driver
-- Installing: /home/max-rogers/MTRX3760_Assignment_1/install/share/maze_driver/cmake/maze_driverConfig.cmake
-- Installing: /home/max-rogers/MTRX3760_Assignment_1/install/share/maze_driver/cmake/maze_driverConfig-version.cmake
-- Installing: /home/max-rogers/MTRX3760_Assignment_1/install/share/maze_driver/package.xml
