[0.029s] Invoking command in '/home/max-rogers/MTRX3760_Assignment_1/build/colour_detector': CMAKE_PREFIX_PATH=${CMAKE_PREFIX_PATH}:/opt/ros/jazzy DEBUGINFOD_URLS=https://debuginfod.ubuntu.com /usr/bin/cmake /home/max-rogers/MTRX3760_Assignment_1/src/colour_detector -DCMAKE_INSTALL_PREFIX=/home/max-rogers/MTRX3760_Assignment_1/install
[0.096s] -- The C compiler identification is GNU 13.3.0
[0.163s] -- The CXX compiler identification is GNU 13.3.0
[0.185s] -- Detecting C compiler ABI info
[0.417s] -- Detecting C compiler ABI info - done
[0.444s] -- Check for working C compiler: /usr/bin/cc - skipped
[0.445s] -- Detecting C compile features
[0.445s] -- Detecting C compile features - done
[0.475s] -- Detecting CXX compiler ABI info
[0.776s] -- Detecting CXX compiler ABI info - done
[0.807s] -- Check for working CXX compiler: /usr/bin/c++ - skipped
[0.807s] -- Detecting CXX compile features
[0.808s] -- Detecting CXX compile features - done
[0.823s] -- Found ament_cmake: 2.5.4 (/opt/ros/jazzy/share/ament_cmake/cmake)
[1.121s] -- Found Python3: /usr/bin/python3 (found version "3.12.3") found components: Interpreter 
[1.281s] -- Found rclcpp: 28.1.10 (/opt/ros/jazzy/share/rclcpp/cmake)
[1.352s] -- Found rosidl_generator_c: 4.6.5 (/opt/ros/jazzy/share/rosidl_generator_c/cmake)
[1.378s] -- Found rosidl_generator_cpp: 4.6.5 (/opt/ros/jazzy/share/rosidl_generator_cpp/cmake)
[1.406s] -- Using all available rosidl_typesupport_c: rosidl_typesupport_fastrtps_c;rosidl_typesupport_introspection_c
[1.438s] -- Using all available rosidl_typesupport_cpp: rosidl_typesupport_fastrtps_cpp;rosidl_typesupport_introspection_cpp
[1.539s] -- Found rmw_implementation_cmake: 7.3.2 (/opt/ros/jazzy/share/rmw_implementation_cmake/cmake)
[1.543s] -- Found rmw_fastrtps_cpp: 8.4.2 (/opt/ros/jazzy/share/rmw_fastrtps_cpp/cmake)
[1.632s] -- Found OpenSSL: /usr/lib/x86_64-linux-gnu/libcrypto.so (found version "3.0.13")  
[1.655s] -- Found FastRTPS: /opt/ros/jazzy/include (Required is at least version "2.13") 
[1.689s] -- Using RMW implementation 'rmw_fastrtps_cpp' as default
[1.821s] -- Found sensor_msgs: 5.3.6 (/opt/ros/jazzy/share/sensor_msgs/cmake)
[1.922s] -- Found cv_bridge: 4.1.0 (/opt/ros/jazzy/share/cv_bridge/cmake)
[1.945s] -- Found image_transport: 5.1.7 (/opt/ros/jazzy/share/image_transport/cmake)
[1.994s] -- Found OpenCV: /usr (found version "4.6.0") 
[2.105s] -- Configuring done (2.1s)
[2.129s] -- Generating done (0.0s)
[2.135s] -- Build files have been written to: /home/max-rogers/MTRX3760_Assignment_1/build/colour_detector
[2.153s] Invoked command in '/home/max-rogers/MTRX3760_Assignment_1/build/colour_detector' returned '0': CMAKE_PREFIX_PATH=${CMAKE_PREFIX_PATH}:/opt/ros/jazzy DEBUGINFOD_URLS=https://debuginfod.ubuntu.com /usr/bin/cmake /home/max-rogers/MTRX3760_Assignment_1/src/colour_detector -DCMAKE_INSTALL_PREFIX=/home/max-rogers/MTRX3760_Assignment_1/install
[2.153s] Invoking command in '/home/max-rogers/MTRX3760_Assignment_1/build/colour_detector': CMAKE_PREFIX_PATH=${CMAKE_PREFIX_PATH}:/opt/ros/jazzy DEBUGINFOD_URLS=https://debuginfod.ubuntu.com /usr/bin/cmake --build /home/max-rogers/MTRX3760_Assignment_1/build/colour_detector -- -j8 -l8
[2.216s] [ 33%] [32mBuilding CXX object CMakeFiles/colour_detector_node.dir/src/colour_detector.cpp.o[0m
[2.227s] [ 66%] [32mBuilding CXX object CMakeFiles/colour_detector_node.dir/src/main.cpp.o[0m
[18.482s] [100%] [32m[1mLinking CXX executable colour_detector_node[0m
[19.765s] [100%] Built target colour_detector_node
[19.781s] Invoked command in '/home/max-rogers/MTRX3760_Assignment_1/build/colour_detector' returned '0': CMAKE_PREFIX_PATH=${CMAKE_PREFIX_PATH}:/opt/ros/jazzy DEBUGINFOD_URLS=https://debuginfod.ubuntu.com /usr/bin/cmake --build /home/max-rogers/MTRX3760_Assignment_1/build/colour_detector -- -j8 -l8
[19.783s] Invoking command in '/home/max-rogers/MTRX3760_Assignment_1/build/colour_detector': CMAKE_PREFIX_PATH=${CMAKE_PREFIX_PATH}:/opt/ros/jazzy DEBUGINFOD_URLS=https://debuginfod.ubuntu.com /usr/bin/cmake --install /home/max-rogers/MTRX3760_Assignment_1/build/colour_detector
[19.791s] -- Install configuration: ""
[19.791s] -- Installing: /home/max-rogers/MTRX3760_Assignment_1/install/lib/colour_detector/colour_detector_node
[19.793s] -- Set non-toolchain portion of runtime path of "/home/max-rogers/MTRX3760_Assignment_1/install/lib/colour_detector/colour_detector_node" to ""
[19.793s] -- Up-to-date: /home/max-rogers/MTRX3760_Assignment_1/install/include/
[19.793s] -- Installing: /home/max-rogers/MTRX3760_Assignment_1/install/include//colour_detector
[19.794s] -- Installing: /home/max-rogers/MTRX3760_Assignment_1/install/include//colour_detector/colour_detector.hpp
[19.794s] -- Installing: /home/max-rogers/MTRX3760_Assignment_1/install/share/ament_index/resource_index/package_run_dependencies/colour_detector
[19.794s] -- Installing: /home/max-rogers/MTRX3760_Assignment_1/install/share/ament_index/resource_index/parent_prefix_path/colour_detector
[19.794s] -- Installing: /home/max-rogers/MTRX3760_Assignment_1/install/share/colour_detector/environment/ament_prefix_path.sh
[19.797s] -- Installing: /home/max-rogers/MTRX3760_Assignment_1/install/share/colour_detector/environment/ament_prefix_path.dsv
[19.797s] -- Installing: /home/max-rogers/MTRX3760_Assignment_1/install/share/colour_detector/environment/path.sh
[19.797s] -- Installing: /home/max-rogers/MTRX3760_Assignment_1/install/share/colour_detector/environment/path.dsv
[19.797s] -- Installing: /home/max-rogers/MTRX3760_Assignment_1/install/share/colour_detector/local_setup.bash
[19.797s] -- Installing: /home/max-rogers/MTRX3760_Assignment_1/install/share/colour_detector/local_setup.sh
[19.797s] -- Installing: /home/max-rogers/MTRX3760_Assignment_1/install/share/colour_detector/local_setup.zsh
[19.798s] -- Installing: /home/max-rogers/MTRX3760_Assignment_1/install/share/colour_detector/local_setup.dsv
[19.798s] -- Installing: /home/max-rogers/MTRX3760_Assignment_1/install/share/colour_detector/package.dsv
[19.798s] -- Installing: /home/max-rogers/MTRX3760_Assignment_1/install/share/ament_index/resource_index/packages/colour_detector
[19.802s] -- Installing: /home/max-rogers/MTRX3760_Assignment_1/install/share/colour_detector/cmake/colour_detectorConfig.cmake
[19.802s] -- Installing: /home/max-rogers/MTRX3760_Assignment_1/install/share/colour_detector/cmake/colour_detectorConfig-version.cmake
[19.802s] -- Installing: /home/max-rogers/MTRX3760_Assignment_1/install/share/colour_detector/package.xml
[19.802s] Invoked command in '/home/max-rogers/MTRX3760_Assignment_1/build/colour_detector' returned '0': CMAKE_PREFIX_PATH=${CMAKE_PREFIX_PATH}:/opt/ros/jazzy DEBUGINFOD_URLS=https://debuginfod.ubuntu.com /usr/bin/cmake --install /home/max-rogers/MTRX3760_Assignment_1/build/colour_detector
